{"uid":"1412ee182360df48","name":"Create pet with invalid data","fullName":"tests.test_pet.TestPet#test_create_pet_invalid_data","historyId":"48df3bcac72ee04f1f930b7461314518","time":{"start":1771235099313,"stop":1771235099409,"duration":96},"status":"skipped","statusMessage":"XFAIL AssertionError: Expected 405, but got 200\n\nAssertionError: Expected 405, but got 200","statusTrace":"self = <test_pet.TestPet object at 0x7f86ecf2a660>\ninvalid_data = {'name': '', 'status': 'available'}, expected_status = 405\n\n    @allure.title(\"Create pet with invalid data\")\n    @pytest.mark.parametrize(\"invalid_data, expected_status\", [\n        pytest.param({\"name\": \"\", \"status\": \"available\"}, 405, marks=pytest.mark.xfail(\n            reason=\"AssertionError: Expected 405, but got 200\", strict=True)),  # Пустое имя\n        pytest.param({\"name\": \"Fido\", \"status\": None}, 405, marks=pytest.mark.xfail(\n            reason=\"AssertionError: Expected 405, but got 200\", strict=True)),  # Отсутствующий статус\n        pytest.param({\"invalid_field\": \"value\"}, 405, marks=pytest.mark.xfail(\n            reason=\"AssertionError: Expected 405, but got 200\", strict=True)),  # Некорректное поле\n        pytest.param({\"name\": \"Fido\", \"status\": \"available\", \"tags\": [{\"id\": \"not_a_number\"}]}, 405, marks=pytest.mark.xfail(\n            reason=\"AssertionError: Expected 405, but got 500\", strict=True)),  # Неправильный тип данных\n        pytest.param(\"This is not a JSON\", 400, marks=pytest.mark.xfail(\n            reason=\"AssertionError: Expected 405, but got 500\", strict=True))  # Совсем невалидный JSON(структурная ошибка)\n    ])\n    #pytest.param(..., marks=pytest.mark.xfail(reason=\"причина падения\", strict=True # Упадет, если баг вдруг починят)) # используем данный способ для пометки падающих тестов\n    def test_create_pet_invalid_data(self, invalid_data, expected_status):\n>       self.pet_api.create_pet_invalid_data(invalid_data, expected_status)\n\ntests/test_pet.py:38: \n_ _ _ _ _ _ _ _ _ _ _ _ _ _ _ _ _ _ _ _ _ _ _ _ _ _ _ _ _ _ _ _ _ _ _ _ _ _ _ _ \n\nself = <services.pet.pet_api.PetApi object at 0x7f86ecf33770>\ninvalid_data = {'name': '', 'status': 'available'}, expected_status = 405\n\n    @allure.step(\"Create pet with invalid data\")\n    def create_pet_invalid_data(self, invalid_data, expected_status):\n        response = requests.post(url=self.endpoints.create_pet,\n                                 headers=self.headers.basic,\n                                 json=invalid_data)\n        print(response.status_code)\n        self.attach_response(response.json())\n>       assert response.status_code == expected_status, f\"Expected {expected_status}, but got {response.status_code}\"\nE       AssertionError: Expected 405, but got 200\n\nservices/pet/pet_api.py:51: AssertionError","flaky":false,"newFailed":false,"newBroken":false,"newPassed":false,"retriesCount":0,"retriesStatusChange":false,"beforeStages":[{"name":"_session_faker","time":{"start":1771235098874,"stop":1771235098875,"duration":1},"status":"passed","steps":[],"attachments":[],"parameters":[],"shouldDisplayMessage":false,"attachmentsCount":0,"stepsCount":0,"hasContent":false,"attachmentStep":false},{"name":"_xunit_setup_method_fixture_TestPet","time":{"start":1771235099312,"stop":1771235099312,"duration":0},"status":"passed","steps":[],"attachments":[],"parameters":[],"shouldDisplayMessage":false,"attachmentsCount":0,"stepsCount":0,"hasContent":false,"attachmentStep":false}],"testStage":{"status":"skipped","statusMessage":"XFAIL AssertionError: Expected 405, but got 200\n\nAssertionError: Expected 405, but got 200","statusTrace":"self = <test_pet.TestPet object at 0x7f86ecf2a660>\ninvalid_data = {'name': '', 'status': 'available'}, expected_status = 405\n\n    @allure.title(\"Create pet with invalid data\")\n    @pytest.mark.parametrize(\"invalid_data, expected_status\", [\n        pytest.param({\"name\": \"\", \"status\": \"available\"}, 405, marks=pytest.mark.xfail(\n            reason=\"AssertionError: Expected 405, but got 200\", strict=True)),  # Пустое имя\n        pytest.param({\"name\": \"Fido\", \"status\": None}, 405, marks=pytest.mark.xfail(\n            reason=\"AssertionError: Expected 405, but got 200\", strict=True)),  # Отсутствующий статус\n        pytest.param({\"invalid_field\": \"value\"}, 405, marks=pytest.mark.xfail(\n            reason=\"AssertionError: Expected 405, but got 200\", strict=True)),  # Некорректное поле\n        pytest.param({\"name\": \"Fido\", \"status\": \"available\", \"tags\": [{\"id\": \"not_a_number\"}]}, 405, marks=pytest.mark.xfail(\n            reason=\"AssertionError: Expected 405, but got 500\", strict=True)),  # Неправильный тип данных\n        pytest.param(\"This is not a JSON\", 400, marks=pytest.mark.xfail(\n            reason=\"AssertionError: Expected 405, but got 500\", strict=True))  # Совсем невалидный JSON(структурная ошибка)\n    ])\n    #pytest.param(..., marks=pytest.mark.xfail(reason=\"причина падения\", strict=True # Упадет, если баг вдруг починят)) # используем данный способ для пометки падающих тестов\n    def test_create_pet_invalid_data(self, invalid_data, expected_status):\n>       self.pet_api.create_pet_invalid_data(invalid_data, expected_status)\n\ntests/test_pet.py:38: \n_ _ _ _ _ _ _ _ _ _ _ _ _ _ _ _ _ _ _ _ _ _ _ _ _ _ _ _ _ _ _ _ _ _ _ _ _ _ _ _ \n\nself = <services.pet.pet_api.PetApi object at 0x7f86ecf33770>\ninvalid_data = {'name': '', 'status': 'available'}, expected_status = 405\n\n    @allure.step(\"Create pet with invalid data\")\n    def create_pet_invalid_data(self, invalid_data, expected_status):\n        response = requests.post(url=self.endpoints.create_pet,\n                                 headers=self.headers.basic,\n                                 json=invalid_data)\n        print(response.status_code)\n        self.attach_response(response.json())\n>       assert response.status_code == expected_status, f\"Expected {expected_status}, but got {response.status_code}\"\nE       AssertionError: Expected 405, but got 200\n\nservices/pet/pet_api.py:51: AssertionError","steps":[{"name":"Create pet with invalid data","time":{"start":1771235099313,"stop":1771235099409,"duration":96},"status":"failed","statusMessage":"AssertionError: Expected 405, but got 200\n","statusTrace":"  File \"/usr/local/lib/python3.12/site-packages/allure_commons/_allure.py\", line 202, in impl\n    return func(*a, **kw)\n           ^^^^^^^^^^^^^^\n  File \"/usr/workspace/services/pet/pet_api.py\", line 51, in create_pet_invalid_data\n    assert response.status_code == expected_status, f\"Expected {expected_status}, but got {response.status_code}\"\n","steps":[],"attachments":[{"uid":"bcec00eab718a9d3","name":"API Response","source":"bcec00eab718a9d3.json","type":"application/json","size":113}],"parameters":[{"name":"invalid_data","value":"{'name': '', 'status': 'available'}"},{"name":"expected_status","value":"405"}],"shouldDisplayMessage":true,"attachmentsCount":1,"stepsCount":0,"hasContent":true,"attachmentStep":false}],"attachments":[],"parameters":[],"shouldDisplayMessage":true,"attachmentsCount":1,"stepsCount":1,"hasContent":true,"attachmentStep":false},"afterStages":[{"name":"_xunit_setup_method_fixture_TestPet::0","time":{"start":1771235099450,"stop":1771235099450,"duration":0},"status":"passed","steps":[],"attachments":[],"parameters":[],"shouldDisplayMessage":false,"attachmentsCount":0,"stepsCount":0,"hasContent":false,"attachmentStep":false}],"labels":[{"name":"feature","value":"Pet"},{"name":"epic","value":"Petstore"},{"name":"parentSuite","value":"tests"},{"name":"suite","value":"test_pet"},{"name":"subSuite","value":"TestPet"},{"name":"host","value":"0a02243f5a81"},{"name":"thread","value":"1-MainThread"},{"name":"framework","value":"pytest"},{"name":"language","value":"cpython3"},{"name":"package","value":"tests.test_pet"},{"name":"resultFormat","value":"allure2"}],"parameters":[{"name":"expected_status","value":"405"},{"name":"invalid_data","value":"{'name': '', 'status': 'available'}"}],"links":[],"hidden":false,"retry":false,"extra":{"severity":"normal","retries":[],"categories":[],"history":{"statistic":{"failed":0,"broken":0,"skipped":6,"passed":0,"unknown":0,"total":6},"items":[{"uid":"d30838a19ebcb229","status":"skipped","statusDetails":"XFAIL AssertionError: Expected 405, but got 200\n\nAssertionError: Expected 405, but got 200","time":{"start":1771234013946,"stop":1771234014040,"duration":94}},{"uid":"d272c911a78a8bb0","status":"skipped","statusDetails":"XFAIL AssertionError: Expected 405, but got 200\n\nAssertionError: Expected 405, but got 200","time":{"start":1771233796019,"stop":1771233796181,"duration":162}},{"uid":"a750eccd226b6599","status":"skipped","statusDetails":"XFAIL AssertionError: Expected 405, but got 200\n\nAssertionError: Expected 405, but got 200","time":{"start":1771221331845,"stop":1771221332036,"duration":191}},{"uid":"7a14ba242c76650b","status":"skipped","statusDetails":"XFAIL AssertionError: Expected 405, but got 200\n\nAssertionError: Expected 405, but got 200","time":{"start":1770984144511,"stop":1770984144645,"duration":134}},{"uid":"b5b9870a7b77c685","status":"skipped","statusDetails":"XFAIL AssertionError: Expected 405, but got 200\n\nAssertionError: Expected 405, but got 200","time":{"start":1770983852173,"stop":1770983852258,"duration":85}}]},"tags":[]},"source":"1412ee182360df48.json","parameterValues":["405","{'name': '', 'status': 'available'}"]}