{"uid":"14678885abc0de47","name":"Logs user into the system (negative)","fullName":"tests.test_user.TestUser#test_logs_user_into_the_system_negative","historyId":"948e1c501c64fe4d15746f2ad7e81bc1","time":{"start":1772199547419,"stop":1772199547513,"duration":94},"status":"skipped","statusMessage":"XFAIL AssertionError: Expected 404, but got 200\n\nAssertionError: Expected 404, but got 200","statusTrace":"self = <test_user.TestUser object at 0x7f485ed37b30>\nusername = 'non_existent_user', password = 'qwezxc', expected_status = 404\n\n    @allure.title(\"Logs user into the system (negative)\")\n    @pytest.mark.parametrize(\"username, password, expected_status\", [\n        pytest.param(\"non_existent_password\", \"new123qwe\", 404, marks=pytest.mark.xfail(\n            reason=\"AssertionError: Expected 404, but got 200\", strict=True)),\n        pytest.param(\"empty_data\", \"\", 404, marks=pytest.mark.xfail(\n            reason=\"AssertionError: Expected 404, but got 200\", strict=True)),\n        pytest.param(\"non_existent_user\", \"qwezxc\", 404, marks=pytest.mark.xfail(\n            reason=\"AssertionError: Expected 404, but got 200\", strict=True)),\n    ])\n    def test_logs_user_into_the_system_negative(self, username, password, expected_status):\n>       self.user_api.logs_user_into_the_system_negative(username, password, expected_status)\n\ntests/test_user.py:69: \n_ _ _ _ _ _ _ _ _ _ _ _ _ _ _ _ _ _ _ _ _ _ _ _ _ _ _ _ _ _ _ _ _ _ _ _ _ _ _ _ \n\nself = <services.user.user_api.UserApi object at 0x7f485ed73cb0>\nusername = 'non_existent_user', password = 'qwezxc', expected_status = 404\n\n    @allure.step(\"Logs user into the system (negative)\")\n    def logs_user_into_the_system_negative(self, username, password, expected_status: int):\n        response = requests.get(url=self.endpoints.logs_user_into_the_system(),\n                                headers=self.headers.get_user_into_the_system,\n                                params={\"username\": username, \"password\": password})\n        self.attach_response(response)\n        print(f\"Status: {response.status_code}\")\n        print(response.json())\n>       assert response.status_code == expected_status, f\"Expected {expected_status}, but got {response.status_code}\"\nE       AssertionError: Expected 404, but got 200\n\nservices/user/user_api.py:104: AssertionError","flaky":false,"newFailed":false,"newBroken":false,"newPassed":false,"retriesCount":0,"retriesStatusChange":false,"beforeStages":[{"name":"_session_faker","time":{"start":1772199541269,"stop":1772199541270,"duration":1},"status":"passed","steps":[],"attachments":[],"parameters":[],"shouldDisplayMessage":false,"attachmentsCount":0,"stepsCount":0,"hasContent":false,"attachmentStep":false},{"name":"_xunit_setup_method_fixture_TestUser","time":{"start":1772199547419,"stop":1772199547419,"duration":0},"status":"passed","steps":[],"attachments":[],"parameters":[],"shouldDisplayMessage":false,"attachmentsCount":0,"stepsCount":0,"hasContent":false,"attachmentStep":false}],"testStage":{"status":"skipped","statusMessage":"XFAIL AssertionError: Expected 404, but got 200\n\nAssertionError: Expected 404, but got 200","statusTrace":"self = <test_user.TestUser object at 0x7f485ed37b30>\nusername = 'non_existent_user', password = 'qwezxc', expected_status = 404\n\n    @allure.title(\"Logs user into the system (negative)\")\n    @pytest.mark.parametrize(\"username, password, expected_status\", [\n        pytest.param(\"non_existent_password\", \"new123qwe\", 404, marks=pytest.mark.xfail(\n            reason=\"AssertionError: Expected 404, but got 200\", strict=True)),\n        pytest.param(\"empty_data\", \"\", 404, marks=pytest.mark.xfail(\n            reason=\"AssertionError: Expected 404, but got 200\", strict=True)),\n        pytest.param(\"non_existent_user\", \"qwezxc\", 404, marks=pytest.mark.xfail(\n            reason=\"AssertionError: Expected 404, but got 200\", strict=True)),\n    ])\n    def test_logs_user_into_the_system_negative(self, username, password, expected_status):\n>       self.user_api.logs_user_into_the_system_negative(username, password, expected_status)\n\ntests/test_user.py:69: \n_ _ _ _ _ _ _ _ _ _ _ _ _ _ _ _ _ _ _ _ _ _ _ _ _ _ _ _ _ _ _ _ _ _ _ _ _ _ _ _ \n\nself = <services.user.user_api.UserApi object at 0x7f485ed73cb0>\nusername = 'non_existent_user', password = 'qwezxc', expected_status = 404\n\n    @allure.step(\"Logs user into the system (negative)\")\n    def logs_user_into_the_system_negative(self, username, password, expected_status: int):\n        response = requests.get(url=self.endpoints.logs_user_into_the_system(),\n                                headers=self.headers.get_user_into_the_system,\n                                params={\"username\": username, \"password\": password})\n        self.attach_response(response)\n        print(f\"Status: {response.status_code}\")\n        print(response.json())\n>       assert response.status_code == expected_status, f\"Expected {expected_status}, but got {response.status_code}\"\nE       AssertionError: Expected 404, but got 200\n\nservices/user/user_api.py:104: AssertionError","steps":[{"name":"Logs user into the system (negative)","time":{"start":1772199547420,"stop":1772199547512,"duration":92},"status":"failed","statusMessage":"AssertionError: Expected 404, but got 200\n","statusTrace":"  File \"/usr/local/lib/python3.12/site-packages/allure_commons/_allure.py\", line 202, in impl\n    return func(*a, **kw)\n           ^^^^^^^^^^^^^^\n  File \"/usr/workspace/services/user/user_api.py\", line 104, in logs_user_into_the_system_negative\n    assert response.status_code == expected_status, f\"Expected {expected_status}, but got {response.status_code}\"\n","steps":[],"attachments":[{"uid":"4675a09cf413229b","name":"API Response (JSON)","source":"4675a09cf413229b.json","type":"application/json","size":97}],"parameters":[{"name":"username","value":"'non_existent_user'"},{"name":"password","value":"'qwezxc'"},{"name":"expected_status","value":"404"}],"shouldDisplayMessage":true,"attachmentsCount":1,"stepsCount":0,"hasContent":true,"attachmentStep":false}],"attachments":[],"parameters":[],"shouldDisplayMessage":true,"attachmentsCount":1,"stepsCount":1,"hasContent":true,"attachmentStep":false},"afterStages":[{"name":"_xunit_setup_method_fixture_TestUser::0","time":{"start":1772199547520,"stop":1772199547520,"duration":0},"status":"passed","steps":[],"attachments":[],"parameters":[],"shouldDisplayMessage":false,"attachmentsCount":0,"stepsCount":0,"hasContent":false,"attachmentStep":false}],"labels":[{"name":"feature","value":"User"},{"name":"epic","value":"Petstore"},{"name":"parentSuite","value":"tests"},{"name":"suite","value":"test_user"},{"name":"subSuite","value":"TestUser"},{"name":"host","value":"7d1eb9ca2a2f"},{"name":"thread","value":"1-MainThread"},{"name":"framework","value":"pytest"},{"name":"language","value":"cpython3"},{"name":"package","value":"tests.test_user"},{"name":"resultFormat","value":"allure2"}],"parameters":[{"name":"expected_status","value":"404"},{"name":"password","value":"'qwezxc'"},{"name":"username","value":"'non_existent_user'"}],"links":[],"hidden":false,"retry":false,"extra":{"severity":"normal","retries":[],"categories":[],"history":{"statistic":{"failed":0,"broken":0,"skipped":2,"passed":0,"unknown":0,"total":2},"items":[{"uid":"4c491944fa1241fe","status":"skipped","statusDetails":"XFAIL AssertionError: Expected 404, but got 200\n\nAssertionError: Expected 404, but got 200","time":{"start":1772198899123,"stop":1772198899160,"duration":37}}]},"tags":[]},"source":"14678885abc0de47.json","parameterValues":["404","'qwezxc'","'non_existent_user'"]}