{"uid":"17de8807855b3e9c","name":"Logout without login (expected fail)","fullName":"tests.test_user.TestUser#test_logs_out_current_logged_in_user_session","historyId":"f53b41e6eff57ba63ab3ff5562bdbeee","time":{"start":1772198899169,"stop":1772198899203,"duration":34},"status":"skipped","statusMessage":"XFAIL API returns 200 instead of 401/404\n\nAssertionError: Expected 401, but got 200","statusTrace":"self = <test_user.TestUser object at 0x7f33e37f0110>\n\n    @allure.title(\"Logout without login (expected fail)\")\n    @pytest.mark.xfail(reason=\"API returns 200 instead of 401/404\", strict=True)\n    def test_logs_out_current_logged_in_user_session(self):\n>       self.user_api.logs_out_current_logged_in_user_session(expected_status=401)\n\ntests/test_user.py:75: \n_ _ _ _ _ _ _ _ _ _ _ _ _ _ _ _ _ _ _ _ _ _ _ _ _ _ _ _ _ _ _ _ _ _ _ _ _ _ _ _ \n\nself = <services.user.user_api.UserApi object at 0x7f33e38273e0>\nexpected_status = 401\n\n    @allure.step(\"Logs out current logged in user session\")\n    def logs_out_current_logged_in_user_session(self, expected_status=200):\n        response = requests.get(url=self.endpoints.logs_out_current_logged_in_user_session())\n        self.attach_response(response)\n        if expected_status == 200:\n            self.validate_response(response, LogoutResponse)\n        else:\n>           assert response.status_code == expected_status, f\"Expected {expected_status}, but got {response.status_code}\"\nE           AssertionError: Expected 401, but got 200\n\nservices/user/user_api.py:115: AssertionError","flaky":false,"newFailed":false,"newBroken":false,"newPassed":false,"retriesCount":0,"retriesStatusChange":false,"beforeStages":[{"name":"_session_faker","time":{"start":1772198896468,"stop":1772198896469,"duration":1},"status":"passed","steps":[],"attachments":[],"parameters":[],"shouldDisplayMessage":false,"stepsCount":0,"hasContent":false,"attachmentStep":false,"attachmentsCount":0},{"name":"_xunit_setup_method_fixture_TestUser","time":{"start":1772198899169,"stop":1772198899169,"duration":0},"status":"passed","steps":[],"attachments":[],"parameters":[],"shouldDisplayMessage":false,"stepsCount":0,"hasContent":false,"attachmentStep":false,"attachmentsCount":0}],"testStage":{"status":"skipped","statusMessage":"XFAIL API returns 200 instead of 401/404\n\nAssertionError: Expected 401, but got 200","statusTrace":"self = <test_user.TestUser object at 0x7f33e37f0110>\n\n    @allure.title(\"Logout without login (expected fail)\")\n    @pytest.mark.xfail(reason=\"API returns 200 instead of 401/404\", strict=True)\n    def test_logs_out_current_logged_in_user_session(self):\n>       self.user_api.logs_out_current_logged_in_user_session(expected_status=401)\n\ntests/test_user.py:75: \n_ _ _ _ _ _ _ _ _ _ _ _ _ _ _ _ _ _ _ _ _ _ _ _ _ _ _ _ _ _ _ _ _ _ _ _ _ _ _ _ \n\nself = <services.user.user_api.UserApi object at 0x7f33e38273e0>\nexpected_status = 401\n\n    @allure.step(\"Logs out current logged in user session\")\n    def logs_out_current_logged_in_user_session(self, expected_status=200):\n        response = requests.get(url=self.endpoints.logs_out_current_logged_in_user_session())\n        self.attach_response(response)\n        if expected_status == 200:\n            self.validate_response(response, LogoutResponse)\n        else:\n>           assert response.status_code == expected_status, f\"Expected {expected_status}, but got {response.status_code}\"\nE           AssertionError: Expected 401, but got 200\n\nservices/user/user_api.py:115: AssertionError","steps":[{"name":"Logs out current logged in user session","time":{"start":1772198899169,"stop":1772198899203,"duration":34},"status":"failed","statusMessage":"AssertionError: Expected 401, but got 200\n","statusTrace":"  File \"/usr/local/lib/python3.12/site-packages/allure_commons/_allure.py\", line 202, in impl\n    return func(*a, **kw)\n           ^^^^^^^^^^^^^^\n  File \"/usr/workspace/services/user/user_api.py\", line 115, in logs_out_current_logged_in_user_session\n    assert response.status_code == expected_status, f\"Expected {expected_status}, but got {response.status_code}\"\n","steps":[],"attachments":[{"uid":"1ee0cf2ac4b17b84","name":"API Response (JSON)","source":"1ee0cf2ac4b17b84.json","type":"application/json","size":63}],"parameters":[{"name":"expected_status","value":"401"}],"shouldDisplayMessage":true,"stepsCount":0,"hasContent":true,"attachmentStep":false,"attachmentsCount":1}],"attachments":[],"parameters":[],"shouldDisplayMessage":true,"stepsCount":1,"hasContent":true,"attachmentStep":false,"attachmentsCount":1},"afterStages":[{"name":"_xunit_setup_method_fixture_TestUser::0","time":{"start":1772198899210,"stop":1772198899210,"duration":0},"status":"passed","steps":[],"attachments":[],"parameters":[],"shouldDisplayMessage":false,"stepsCount":0,"hasContent":false,"attachmentStep":false,"attachmentsCount":0}],"labels":[{"name":"feature","value":"User"},{"name":"epic","value":"Petstore"},{"name":"parentSuite","value":"tests"},{"name":"suite","value":"test_user"},{"name":"subSuite","value":"TestUser"},{"name":"host","value":"e8b53e029567"},{"name":"thread","value":"1-MainThread"},{"name":"framework","value":"pytest"},{"name":"language","value":"cpython3"},{"name":"package","value":"tests.test_user"},{"name":"resultFormat","value":"allure2"}],"parameters":[],"links":[],"hidden":false,"retry":false,"extra":{"severity":"normal","retries":[],"categories":[],"tags":[]},"source":"17de8807855b3e9c.json","parameterValues":[]}