{"uid":"19839a335be1dba1","name":"Create user (negative)","fullName":"tests.test_user.TestUser#test_create_user_negative","historyId":"9966ff4b26cc86cdeb00257debc23ef1","time":{"start":1772198899397,"stop":1772198899398,"duration":1},"status":"skipped","statusMessage":"XFAIL AssertionError: Expected 400, but got 200\n\nTypeError: UserApi.create_user_negative() missing 2 required positional arguments: 'payload' and 'expected_status'","statusTrace":"self = <test_user.TestUser object at 0x7f33e37eb1a0>, payload = {}, info = 400\nexpected_status = 'empty_body'\n\n    @allure.title(\"Create user (negative)\")\n    @pytest.mark.parametrize(\"payload, info, expected_status\", [\n        pytest.param({}, 400, \"empty_body\", marks=pytest.mark.xfail(\n            reason=\"AssertionError: Expected 400, but got 200\", strict=True)),\n        pytest.param({\"id\": \"abc\"}, 400, \"invalid_type_id\", marks=pytest.mark.xfail(\n            reason=\"AssertionError: Expected 400, but got 200\", strict=True))\n    ])\n    def test_create_user_negative(self, payload, info, expected_status):\n>       self.user_api.create_user_negative()\nE       TypeError: UserApi.create_user_negative() missing 2 required positional arguments: 'payload' and 'expected_status'\n\ntests/test_user.py:101: TypeError","flaky":false,"newFailed":false,"newBroken":false,"newPassed":false,"retriesCount":0,"retriesStatusChange":false,"beforeStages":[{"name":"_session_faker","time":{"start":1772198896468,"stop":1772198896469,"duration":1},"status":"passed","steps":[],"attachments":[],"parameters":[],"shouldDisplayMessage":false,"stepsCount":0,"hasContent":false,"attachmentStep":false,"attachmentsCount":0},{"name":"_xunit_setup_method_fixture_TestUser","time":{"start":1772198899397,"stop":1772198899397,"duration":0},"status":"passed","steps":[],"attachments":[],"parameters":[],"shouldDisplayMessage":false,"stepsCount":0,"hasContent":false,"attachmentStep":false,"attachmentsCount":0}],"testStage":{"status":"skipped","statusMessage":"XFAIL AssertionError: Expected 400, but got 200\n\nTypeError: UserApi.create_user_negative() missing 2 required positional arguments: 'payload' and 'expected_status'","statusTrace":"self = <test_user.TestUser object at 0x7f33e37eb1a0>, payload = {}, info = 400\nexpected_status = 'empty_body'\n\n    @allure.title(\"Create user (negative)\")\n    @pytest.mark.parametrize(\"payload, info, expected_status\", [\n        pytest.param({}, 400, \"empty_body\", marks=pytest.mark.xfail(\n            reason=\"AssertionError: Expected 400, but got 200\", strict=True)),\n        pytest.param({\"id\": \"abc\"}, 400, \"invalid_type_id\", marks=pytest.mark.xfail(\n            reason=\"AssertionError: Expected 400, but got 200\", strict=True))\n    ])\n    def test_create_user_negative(self, payload, info, expected_status):\n>       self.user_api.create_user_negative()\nE       TypeError: UserApi.create_user_negative() missing 2 required positional arguments: 'payload' and 'expected_status'\n\ntests/test_user.py:101: TypeError","steps":[{"name":"Create user (negative)","time":{"start":1772198899397,"stop":1772198899397,"duration":0},"status":"broken","statusMessage":"TypeError: UserApi.create_user_negative() missing 2 required positional arguments: 'payload' and 'expected_status'\n","statusTrace":"  File \"/usr/local/lib/python3.12/site-packages/allure_commons/_allure.py\", line 202, in impl\n    return func(*a, **kw)\n           ^^^^^^^^^^^^^^\n","steps":[],"attachments":[],"parameters":[],"shouldDisplayMessage":true,"stepsCount":0,"hasContent":true,"attachmentStep":false,"attachmentsCount":0}],"attachments":[],"parameters":[],"shouldDisplayMessage":true,"stepsCount":1,"hasContent":true,"attachmentStep":false,"attachmentsCount":0},"afterStages":[{"name":"_xunit_setup_method_fixture_TestUser::0","time":{"start":1772198899408,"stop":1772198899408,"duration":0},"status":"passed","steps":[],"attachments":[],"parameters":[],"shouldDisplayMessage":false,"stepsCount":0,"hasContent":false,"attachmentStep":false,"attachmentsCount":0}],"labels":[{"name":"feature","value":"User"},{"name":"epic","value":"Petstore"},{"name":"parentSuite","value":"tests"},{"name":"suite","value":"test_user"},{"name":"subSuite","value":"TestUser"},{"name":"host","value":"e8b53e029567"},{"name":"thread","value":"1-MainThread"},{"name":"framework","value":"pytest"},{"name":"language","value":"cpython3"},{"name":"package","value":"tests.test_user"},{"name":"resultFormat","value":"allure2"}],"parameters":[{"name":"expected_status","value":"'empty_body'"},{"name":"info","value":"400"},{"name":"payload","value":"{}"}],"links":[],"hidden":false,"retry":false,"extra":{"severity":"normal","retries":[],"categories":[],"tags":[]},"source":"19839a335be1dba1.json","parameterValues":["'empty_body'","400","{}"]}