{"uid":"2d178c4da9535995","name":"Find pet by id (negative)","fullName":"tests.test_pet.TestPet#test_find_pet_by_id_negative","historyId":"48fa452f6716fea5d794dde0f23a2216","time":{"start":1770983853206,"stop":1770983853254,"duration":48},"status":"skipped","statusMessage":"XFAIL Bug: Server returns 404 instead of 400 for negative IDs\n\nAssertionError: Expected 400, but got 404","statusTrace":"self = <test_pet.TestPet object at 0x7f77c8b3df40>, pet_id = -1\nexpected_status = 400\n\n    @pytest.mark.parametrize(\"pet_id, expected_status\", [ #TODO негативные кейсы\n        pytest.param(-1, 400, marks=pytest.mark.xfail(\n            reason=\"Bug: Server returns 404 instead of 400 for negative IDs\", strict=True)),\n        pytest.param(99999999, 404, id=\"Non-existent id\")\n    ])\n    @allure.title(\"Find pet by id (negative)\")\n    def test_find_pet_by_id_negative(self, pet_id, expected_status):\n>       self.pet_api.find_pet_by_id_negative(pet_id, expected_status)\n\ntests/test_pet.py:94: \n_ _ _ _ _ _ _ _ _ _ _ _ _ _ _ _ _ _ _ _ _ _ _ _ _ _ _ _ _ _ _ _ _ _ _ _ _ _ _ _ \n\nself = <services.pet.pet_api.PetApi object at 0x7f77c8b437a0>, pet_id = -1\nexpected_status = 400\n\n    @allure.step(\"Find pet by id (negative)\")\n    def find_pet_by_id_negative(self, pet_id: int, expected_status: int):\n        response = requests.get(url=self.endpoints.find_pet_by_id(pet_id))\n        print(f\"Status: {response.status_code}\")\n>       assert response.status_code == expected_status, f\"Expected {expected_status}, but got {response.status_code}\"\nE       AssertionError: Expected 400, but got 404\n\nservices/pet/pet_api.py:103: AssertionError","flaky":false,"newFailed":false,"newBroken":false,"newPassed":false,"retriesCount":0,"retriesStatusChange":false,"beforeStages":[{"name":"_session_faker","time":{"start":1770983851693,"stop":1770983851695,"duration":2},"status":"passed","steps":[],"attachments":[],"parameters":[],"hasContent":false,"attachmentStep":false,"stepsCount":0,"shouldDisplayMessage":false,"attachmentsCount":0},{"name":"_xunit_setup_method_fixture_TestPet","time":{"start":1770983853205,"stop":1770983853205,"duration":0},"status":"passed","steps":[],"attachments":[],"parameters":[],"hasContent":false,"attachmentStep":false,"stepsCount":0,"shouldDisplayMessage":false,"attachmentsCount":0}],"testStage":{"status":"skipped","statusMessage":"XFAIL Bug: Server returns 404 instead of 400 for negative IDs\n\nAssertionError: Expected 400, but got 404","statusTrace":"self = <test_pet.TestPet object at 0x7f77c8b3df40>, pet_id = -1\nexpected_status = 400\n\n    @pytest.mark.parametrize(\"pet_id, expected_status\", [ #TODO негативные кейсы\n        pytest.param(-1, 400, marks=pytest.mark.xfail(\n            reason=\"Bug: Server returns 404 instead of 400 for negative IDs\", strict=True)),\n        pytest.param(99999999, 404, id=\"Non-existent id\")\n    ])\n    @allure.title(\"Find pet by id (negative)\")\n    def test_find_pet_by_id_negative(self, pet_id, expected_status):\n>       self.pet_api.find_pet_by_id_negative(pet_id, expected_status)\n\ntests/test_pet.py:94: \n_ _ _ _ _ _ _ _ _ _ _ _ _ _ _ _ _ _ _ _ _ _ _ _ _ _ _ _ _ _ _ _ _ _ _ _ _ _ _ _ \n\nself = <services.pet.pet_api.PetApi object at 0x7f77c8b437a0>, pet_id = -1\nexpected_status = 400\n\n    @allure.step(\"Find pet by id (negative)\")\n    def find_pet_by_id_negative(self, pet_id: int, expected_status: int):\n        response = requests.get(url=self.endpoints.find_pet_by_id(pet_id))\n        print(f\"Status: {response.status_code}\")\n>       assert response.status_code == expected_status, f\"Expected {expected_status}, but got {response.status_code}\"\nE       AssertionError: Expected 400, but got 404\n\nservices/pet/pet_api.py:103: AssertionError","steps":[{"name":"Find pet by id (negative)","time":{"start":1770983853206,"stop":1770983853254,"duration":48},"status":"failed","statusMessage":"AssertionError: Expected 400, but got 404\n","statusTrace":"  File \"/usr/local/lib/python3.12/site-packages/allure_commons/_allure.py\", line 202, in impl\n    return func(*a, **kw)\n           ^^^^^^^^^^^^^^\n  File \"/usr/workspace/services/pet/pet_api.py\", line 103, in find_pet_by_id_negative\n    assert response.status_code == expected_status, f\"Expected {expected_status}, but got {response.status_code}\"\n","steps":[],"attachments":[],"parameters":[{"name":"pet_id","value":"-1"},{"name":"expected_status","value":"400"}],"hasContent":true,"attachmentStep":false,"stepsCount":0,"shouldDisplayMessage":true,"attachmentsCount":0}],"attachments":[],"parameters":[],"hasContent":true,"attachmentStep":false,"stepsCount":1,"shouldDisplayMessage":true,"attachmentsCount":0},"afterStages":[{"name":"_xunit_setup_method_fixture_TestPet::0","time":{"start":1770983853260,"stop":1770983853260,"duration":0},"status":"passed","steps":[],"attachments":[],"parameters":[],"hasContent":false,"attachmentStep":false,"stepsCount":0,"shouldDisplayMessage":false,"attachmentsCount":0}],"labels":[{"name":"feature","value":"Pet"},{"name":"epic","value":"Petstore"},{"name":"parentSuite","value":"tests"},{"name":"suite","value":"test_pet"},{"name":"subSuite","value":"TestPet"},{"name":"host","value":"cbb0916240f1"},{"name":"thread","value":"1-MainThread"},{"name":"framework","value":"pytest"},{"name":"language","value":"cpython3"},{"name":"package","value":"tests.test_pet"},{"name":"resultFormat","value":"allure2"}],"parameters":[{"name":"expected_status","value":"400"},{"name":"pet_id","value":"-1"}],"links":[],"hidden":false,"retry":false,"extra":{"severity":"normal","retries":[],"categories":[],"tags":[]},"source":"2d178c4da9535995.json","parameterValues":["400","-1"]}