{"uid":"300358949c7f3404","name":"Update pet by id (negative)","fullName":"tests.test_pet.TestPet#test_update_pet_by_id_negative","historyId":"efe205d2546312b56205a4d070172a36","time":{"start":1771234015154,"stop":1771234015248,"duration":94},"status":"skipped","statusMessage":"XFAIL AssertionError: Expected 400, but got 500\n\nAssertionError: Expected 400, but got 500","statusTrace":"self = <test_pet.TestPet object at 0x7f51ca5bcc80>\npayload = {'id': 'invalid_id', 'name': 'doggie'}, expected_status = 400\n\n    @pytest.mark.parametrize(\"payload, expected_status\", [\n        # Кейс 1: Невалидный ID (строка вместо числа) — ожидаем 400 или 405 (в зависимости от реализации сервера)\n        pytest.param({\"id\": \"invalid_id\", \"name\": \"doggie\"}, 400, marks=pytest.mark.xfail(reason=\"AssertionError: Expected 400, but got 500\", strict=True)),\n    \n        # Кейс 2: Несуществующий ID — ожидаем 404\n        pytest.param({\"id\": -1, \"name\": \"ghost\"}, 404, marks=pytest.mark.xfail(reason=\"AssertionError: Expected 404, but got 200\", strict=True)),\n    \n        # Кейс 3: Отправка пустого тела запроса\n        pytest.param({}, 405, marks=pytest.mark.xfail(reason=\"AssertionError: Expected 405, but got 200\", strict=True))\n    ])\n    @allure.title(\"Update pet by id (negative)\")\n    def test_update_pet_by_id_negative(self, payload, expected_status):\n>       self.pet_api.update_pet_check_negative(payload, expected_status)\n\ntests/test_pet.py:75: \n_ _ _ _ _ _ _ _ _ _ _ _ _ _ _ _ _ _ _ _ _ _ _ _ _ _ _ _ _ _ _ _ _ _ _ _ _ _ _ _ \n\nself = <services.pet.pet_api.PetApi object at 0x7f51ca5d63f0>\npayload = {'id': 'invalid_id', 'name': 'doggie'}, expected_status = 400\n\n    @allure.step(\"Update an existing pet with custom payload\")\n    def update_pet_check_negative(self, payload: dict, expected_status: int = 200):\n        \"\"\"Негативные сценарии\"\"\"\n        response = requests.put(url=self.endpoints.update_pet,\n                                headers=self.headers.basic,\n                                json=payload)\n        self.attach_response(response.json())\n        print(response.text)\n        print(f\"Status: {response.status_code}\")\n>       assert response.status_code == expected_status, f\"Expected {expected_status}, but got {response.status_code}\"\nE       AssertionError: Expected 400, but got 500\n\nservices/pet/pet_api.py:87: AssertionError","flaky":false,"newFailed":false,"newBroken":false,"newPassed":false,"retriesCount":0,"retriesStatusChange":false,"beforeStages":[{"name":"_session_faker","time":{"start":1771234013524,"stop":1771234013525,"duration":1},"status":"passed","steps":[],"attachments":[],"parameters":[],"stepsCount":0,"hasContent":false,"attachmentStep":false,"shouldDisplayMessage":false,"attachmentsCount":0},{"name":"_xunit_setup_method_fixture_TestPet","time":{"start":1771234015154,"stop":1771234015154,"duration":0},"status":"passed","steps":[],"attachments":[],"parameters":[],"stepsCount":0,"hasContent":false,"attachmentStep":false,"shouldDisplayMessage":false,"attachmentsCount":0}],"testStage":{"status":"skipped","statusMessage":"XFAIL AssertionError: Expected 400, but got 500\n\nAssertionError: Expected 400, but got 500","statusTrace":"self = <test_pet.TestPet object at 0x7f51ca5bcc80>\npayload = {'id': 'invalid_id', 'name': 'doggie'}, expected_status = 400\n\n    @pytest.mark.parametrize(\"payload, expected_status\", [\n        # Кейс 1: Невалидный ID (строка вместо числа) — ожидаем 400 или 405 (в зависимости от реализации сервера)\n        pytest.param({\"id\": \"invalid_id\", \"name\": \"doggie\"}, 400, marks=pytest.mark.xfail(reason=\"AssertionError: Expected 400, but got 500\", strict=True)),\n    \n        # Кейс 2: Несуществующий ID — ожидаем 404\n        pytest.param({\"id\": -1, \"name\": \"ghost\"}, 404, marks=pytest.mark.xfail(reason=\"AssertionError: Expected 404, but got 200\", strict=True)),\n    \n        # Кейс 3: Отправка пустого тела запроса\n        pytest.param({}, 405, marks=pytest.mark.xfail(reason=\"AssertionError: Expected 405, but got 200\", strict=True))\n    ])\n    @allure.title(\"Update pet by id (negative)\")\n    def test_update_pet_by_id_negative(self, payload, expected_status):\n>       self.pet_api.update_pet_check_negative(payload, expected_status)\n\ntests/test_pet.py:75: \n_ _ _ _ _ _ _ _ _ _ _ _ _ _ _ _ _ _ _ _ _ _ _ _ _ _ _ _ _ _ _ _ _ _ _ _ _ _ _ _ \n\nself = <services.pet.pet_api.PetApi object at 0x7f51ca5d63f0>\npayload = {'id': 'invalid_id', 'name': 'doggie'}, expected_status = 400\n\n    @allure.step(\"Update an existing pet with custom payload\")\n    def update_pet_check_negative(self, payload: dict, expected_status: int = 200):\n        \"\"\"Негативные сценарии\"\"\"\n        response = requests.put(url=self.endpoints.update_pet,\n                                headers=self.headers.basic,\n                                json=payload)\n        self.attach_response(response.json())\n        print(response.text)\n        print(f\"Status: {response.status_code}\")\n>       assert response.status_code == expected_status, f\"Expected {expected_status}, but got {response.status_code}\"\nE       AssertionError: Expected 400, but got 500\n\nservices/pet/pet_api.py:87: AssertionError","steps":[{"name":"Update an existing pet with custom payload","time":{"start":1771234015154,"stop":1771234015247,"duration":93},"status":"failed","statusMessage":"AssertionError: Expected 400, but got 500\n","statusTrace":"  File \"/usr/local/lib/python3.12/site-packages/allure_commons/_allure.py\", line 202, in impl\n    return func(*a, **kw)\n           ^^^^^^^^^^^^^^\n  File \"/usr/workspace/services/pet/pet_api.py\", line 87, in update_pet_check_negative\n    assert response.status_code == expected_status, f\"Expected {expected_status}, but got {response.status_code}\"\n","steps":[],"attachments":[{"uid":"5f0c2466ad9b4f8","name":"API Response","source":"5f0c2466ad9b4f8.json","type":"application/json","size":83}],"parameters":[{"name":"payload","value":"{'id': 'invalid_id', 'name': 'doggie'}"},{"name":"expected_status","value":"400"}],"stepsCount":0,"hasContent":true,"attachmentStep":false,"shouldDisplayMessage":true,"attachmentsCount":1}],"attachments":[],"parameters":[],"stepsCount":1,"hasContent":true,"attachmentStep":false,"shouldDisplayMessage":true,"attachmentsCount":1},"afterStages":[{"name":"_xunit_setup_method_fixture_TestPet::0","time":{"start":1771234015254,"stop":1771234015254,"duration":0},"status":"passed","steps":[],"attachments":[],"parameters":[],"stepsCount":0,"hasContent":false,"attachmentStep":false,"shouldDisplayMessage":false,"attachmentsCount":0}],"labels":[{"name":"epic","value":"Petstore"},{"name":"feature","value":"Pet"},{"name":"parentSuite","value":"tests"},{"name":"suite","value":"test_pet"},{"name":"subSuite","value":"TestPet"},{"name":"host","value":"26bff6d2d17e"},{"name":"thread","value":"1-MainThread"},{"name":"framework","value":"pytest"},{"name":"language","value":"cpython3"},{"name":"package","value":"tests.test_pet"},{"name":"resultFormat","value":"allure2"}],"parameters":[{"name":"expected_status","value":"400"},{"name":"payload","value":"{'id': 'invalid_id', 'name': 'doggie'}"}],"links":[],"hidden":false,"retry":false,"extra":{"severity":"normal","retries":[],"categories":[],"history":{"statistic":{"failed":0,"broken":0,"skipped":5,"passed":0,"unknown":0,"total":5},"items":[{"uid":"db1e899b78d13739","status":"skipped","statusDetails":"XFAIL AssertionError: Expected 400, but got 500\n\nAssertionError: Expected 400, but got 500","time":{"start":1771233797987,"stop":1771233798145,"duration":158}},{"uid":"53cf427994a90f86","status":"skipped","statusDetails":"XFAIL AssertionError: Expected 400, but got 500\n\nAssertionError: Expected 400, but got 500","time":{"start":1771221334246,"stop":1771221334466,"duration":220}},{"uid":"489b8290e9e19dfb","status":"skipped","statusDetails":"XFAIL AssertionError: Expected 400, but got 500\n\nAssertionError: Expected 400, but got 500","time":{"start":1770984145700,"stop":1770984145808,"duration":108}},{"uid":"46f751bb3ed25d95","status":"skipped","statusDetails":"XFAIL AssertionError: Expected 400, but got 500\n\nAssertionError: Expected 400, but got 500","time":{"start":1770983852919,"stop":1770983852982,"duration":63}}]},"tags":[]},"source":"300358949c7f3404.json","parameterValues":["400","{'id': 'invalid_id', 'name': 'doggie'}"]}