{"uid":"42df3ce3ce1f2d22","name":"Logout without login (expected fail)","fullName":"tests.test_user.TestUser#test_logs_out_current_logged_in_user_session","historyId":"f53b41e6eff57ba63ab3ff5562bdbeee","time":{"start":1772199547522,"stop":1772199547620,"duration":98},"status":"skipped","statusMessage":"XFAIL API returns 200 instead of 401/404\n\nAssertionError: Expected 401, but got 200","statusTrace":"self = <test_user.TestUser object at 0x7f485ed3e960>\n\n    @allure.title(\"Logout without login (expected fail)\")\n    @pytest.mark.xfail(reason=\"API returns 200 instead of 401/404\", strict=True)\n    def test_logs_out_current_logged_in_user_session(self):\n>       self.user_api.logs_out_current_logged_in_user_session(expected_status=401)\n\ntests/test_user.py:75: \n_ _ _ _ _ _ _ _ _ _ _ _ _ _ _ _ _ _ _ _ _ _ _ _ _ _ _ _ _ _ _ _ _ _ _ _ _ _ _ _ \n\nself = <services.user.user_api.UserApi object at 0x7f485ed6c950>\nexpected_status = 401\n\n    @allure.step(\"Logs out current logged in user session\")\n    def logs_out_current_logged_in_user_session(self, expected_status=200):\n        response = requests.get(url=self.endpoints.logs_out_current_logged_in_user_session())\n        self.attach_response(response)\n        if expected_status == 200:\n            self.validate_response(response, LogoutResponse)\n        else:\n>           assert response.status_code == expected_status, f\"Expected {expected_status}, but got {response.status_code}\"\nE           AssertionError: Expected 401, but got 200\n\nservices/user/user_api.py:114: AssertionError","flaky":false,"newFailed":false,"newBroken":false,"newPassed":false,"retriesCount":0,"retriesStatusChange":false,"beforeStages":[{"name":"_session_faker","time":{"start":1772199541269,"stop":1772199541270,"duration":1},"status":"passed","steps":[],"attachments":[],"parameters":[],"shouldDisplayMessage":false,"attachmentsCount":0,"stepsCount":0,"hasContent":false,"attachmentStep":false},{"name":"_xunit_setup_method_fixture_TestUser","time":{"start":1772199547521,"stop":1772199547522,"duration":1},"status":"passed","steps":[],"attachments":[],"parameters":[],"shouldDisplayMessage":false,"attachmentsCount":0,"stepsCount":0,"hasContent":false,"attachmentStep":false}],"testStage":{"status":"skipped","statusMessage":"XFAIL API returns 200 instead of 401/404\n\nAssertionError: Expected 401, but got 200","statusTrace":"self = <test_user.TestUser object at 0x7f485ed3e960>\n\n    @allure.title(\"Logout without login (expected fail)\")\n    @pytest.mark.xfail(reason=\"API returns 200 instead of 401/404\", strict=True)\n    def test_logs_out_current_logged_in_user_session(self):\n>       self.user_api.logs_out_current_logged_in_user_session(expected_status=401)\n\ntests/test_user.py:75: \n_ _ _ _ _ _ _ _ _ _ _ _ _ _ _ _ _ _ _ _ _ _ _ _ _ _ _ _ _ _ _ _ _ _ _ _ _ _ _ _ \n\nself = <services.user.user_api.UserApi object at 0x7f485ed6c950>\nexpected_status = 401\n\n    @allure.step(\"Logs out current logged in user session\")\n    def logs_out_current_logged_in_user_session(self, expected_status=200):\n        response = requests.get(url=self.endpoints.logs_out_current_logged_in_user_session())\n        self.attach_response(response)\n        if expected_status == 200:\n            self.validate_response(response, LogoutResponse)\n        else:\n>           assert response.status_code == expected_status, f\"Expected {expected_status}, but got {response.status_code}\"\nE           AssertionError: Expected 401, but got 200\n\nservices/user/user_api.py:114: AssertionError","steps":[{"name":"Logs out current logged in user session","time":{"start":1772199547522,"stop":1772199547620,"duration":98},"status":"failed","statusMessage":"AssertionError: Expected 401, but got 200\n","statusTrace":"  File \"/usr/local/lib/python3.12/site-packages/allure_commons/_allure.py\", line 202, in impl\n    return func(*a, **kw)\n           ^^^^^^^^^^^^^^\n  File \"/usr/workspace/services/user/user_api.py\", line 114, in logs_out_current_logged_in_user_session\n    assert response.status_code == expected_status, f\"Expected {expected_status}, but got {response.status_code}\"\n","steps":[],"attachments":[{"uid":"508794fd7c4f637a","name":"API Response (JSON)","source":"508794fd7c4f637a.json","type":"application/json","size":63}],"parameters":[{"name":"expected_status","value":"401"}],"shouldDisplayMessage":true,"attachmentsCount":1,"stepsCount":0,"hasContent":true,"attachmentStep":false}],"attachments":[],"parameters":[],"shouldDisplayMessage":true,"attachmentsCount":1,"stepsCount":1,"hasContent":true,"attachmentStep":false},"afterStages":[{"name":"_xunit_setup_method_fixture_TestUser::0","time":{"start":1772199547627,"stop":1772199547627,"duration":0},"status":"passed","steps":[],"attachments":[],"parameters":[],"shouldDisplayMessage":false,"attachmentsCount":0,"stepsCount":0,"hasContent":false,"attachmentStep":false}],"labels":[{"name":"feature","value":"User"},{"name":"epic","value":"Petstore"},{"name":"parentSuite","value":"tests"},{"name":"suite","value":"test_user"},{"name":"subSuite","value":"TestUser"},{"name":"host","value":"7d1eb9ca2a2f"},{"name":"thread","value":"1-MainThread"},{"name":"framework","value":"pytest"},{"name":"language","value":"cpython3"},{"name":"package","value":"tests.test_user"},{"name":"resultFormat","value":"allure2"}],"parameters":[],"links":[],"hidden":false,"retry":false,"extra":{"severity":"normal","retries":[],"categories":[],"history":{"statistic":{"failed":0,"broken":0,"skipped":2,"passed":0,"unknown":0,"total":2},"items":[{"uid":"17de8807855b3e9c","status":"skipped","statusDetails":"XFAIL API returns 200 instead of 401/404\n\nAssertionError: Expected 401, but got 200","time":{"start":1772198899169,"stop":1772198899203,"duration":34}}]},"tags":[]},"source":"42df3ce3ce1f2d22.json","parameterValues":[]}