{"uid":"5f5b90f7f8baed","name":"Create pet with invalid data","fullName":"tests.test_pet.TestPet#test_create_pet_invalid_data","historyId":"19e7c5e9f00a4dbeb9668aba1dcf4b0d","time":{"start":1771243428837,"stop":1771243429129,"duration":292},"status":"skipped","statusMessage":"XFAIL AssertionError: Expected 405, but got 500\n\nAssertionError: Expected 400, but got 500","statusTrace":"self = <test_pet.TestPet object at 0x7fa02e533d70>\ninvalid_data = 'This is not a JSON', expected_status = 400\n\n    @allure.title(\"Create pet with invalid data\")\n    @pytest.mark.parametrize(\"invalid_data, expected_status\", [\n        pytest.param({\"name\": \"\", \"status\": \"available\"}, 405, marks=pytest.mark.xfail(\n            reason=\"AssertionError: Expected 405, but got 200\", strict=True)),  # Пустое имя\n        pytest.param({\"name\": \"Fido\", \"status\": None}, 405, marks=pytest.mark.xfail(\n            reason=\"AssertionError: Expected 405, but got 200\", strict=True)),  # Отсутствующий статус\n        pytest.param({\"invalid_field\": \"value\"}, 405, marks=pytest.mark.xfail(\n            reason=\"AssertionError: Expected 405, but got 200\", strict=True)),  # Некорректное поле\n        pytest.param({\"name\": \"Fido\", \"status\": \"available\", \"tags\": [{\"id\": \"not_a_number\"}]}, 405, marks=pytest.mark.xfail(\n            reason=\"AssertionError: Expected 405, but got 500\", strict=True)),  # Неправильный тип данных\n        pytest.param(\"This is not a JSON\", 400, marks=pytest.mark.xfail(\n            reason=\"AssertionError: Expected 405, but got 500\", strict=True))  # Совсем невалидный JSON(структурная ошибка)\n    ])\n    #pytest.param(..., marks=pytest.mark.xfail(reason=\"причина падения\", strict=True # Упадет, если баг вдруг починят)) # используем данный способ для пометки падающих тестов\n    def test_create_pet_invalid_data(self, invalid_data, expected_status):\n>       self.pet_api.create_pet_invalid_data(invalid_data, expected_status)\n\ntests/test_pet.py:38: \n_ _ _ _ _ _ _ _ _ _ _ _ _ _ _ _ _ _ _ _ _ _ _ _ _ _ _ _ _ _ _ _ _ _ _ _ _ _ _ _ \n\nself = <services.pet.pet_api.PetApi object at 0x7fa02e53cbc0>\ninvalid_data = 'This is not a JSON', expected_status = 400\n\n    @allure.step(\"Create pet with invalid data\")\n    def create_pet_invalid_data(self, invalid_data, expected_status):\n        response = requests.post(url=self.endpoints.create_pet,\n                                 headers=self.headers.basic,\n                                 json=invalid_data)\n        print(response.status_code)\n        self.attach_response(response.json())\n>       assert response.status_code == expected_status, f\"Expected {expected_status}, but got {response.status_code}\"\nE       AssertionError: Expected 400, but got 500\n\nservices/pet/pet_api.py:51: AssertionError","flaky":false,"newFailed":false,"newBroken":false,"newPassed":false,"retriesCount":0,"retriesStatusChange":false,"beforeStages":[{"name":"_session_faker","time":{"start":1771243426388,"stop":1771243426389,"duration":1},"status":"passed","steps":[],"attachments":[],"parameters":[],"shouldDisplayMessage":false,"attachmentsCount":0,"stepsCount":0,"hasContent":false,"attachmentStep":false},{"name":"_xunit_setup_method_fixture_TestPet","time":{"start":1771243428836,"stop":1771243428836,"duration":0},"status":"passed","steps":[],"attachments":[],"parameters":[],"shouldDisplayMessage":false,"attachmentsCount":0,"stepsCount":0,"hasContent":false,"attachmentStep":false}],"testStage":{"status":"skipped","statusMessage":"XFAIL AssertionError: Expected 405, but got 500\n\nAssertionError: Expected 400, but got 500","statusTrace":"self = <test_pet.TestPet object at 0x7fa02e533d70>\ninvalid_data = 'This is not a JSON', expected_status = 400\n\n    @allure.title(\"Create pet with invalid data\")\n    @pytest.mark.parametrize(\"invalid_data, expected_status\", [\n        pytest.param({\"name\": \"\", \"status\": \"available\"}, 405, marks=pytest.mark.xfail(\n            reason=\"AssertionError: Expected 405, but got 200\", strict=True)),  # Пустое имя\n        pytest.param({\"name\": \"Fido\", \"status\": None}, 405, marks=pytest.mark.xfail(\n            reason=\"AssertionError: Expected 405, but got 200\", strict=True)),  # Отсутствующий статус\n        pytest.param({\"invalid_field\": \"value\"}, 405, marks=pytest.mark.xfail(\n            reason=\"AssertionError: Expected 405, but got 200\", strict=True)),  # Некорректное поле\n        pytest.param({\"name\": \"Fido\", \"status\": \"available\", \"tags\": [{\"id\": \"not_a_number\"}]}, 405, marks=pytest.mark.xfail(\n            reason=\"AssertionError: Expected 405, but got 500\", strict=True)),  # Неправильный тип данных\n        pytest.param(\"This is not a JSON\", 400, marks=pytest.mark.xfail(\n            reason=\"AssertionError: Expected 405, but got 500\", strict=True))  # Совсем невалидный JSON(структурная ошибка)\n    ])\n    #pytest.param(..., marks=pytest.mark.xfail(reason=\"причина падения\", strict=True # Упадет, если баг вдруг починят)) # используем данный способ для пометки падающих тестов\n    def test_create_pet_invalid_data(self, invalid_data, expected_status):\n>       self.pet_api.create_pet_invalid_data(invalid_data, expected_status)\n\ntests/test_pet.py:38: \n_ _ _ _ _ _ _ _ _ _ _ _ _ _ _ _ _ _ _ _ _ _ _ _ _ _ _ _ _ _ _ _ _ _ _ _ _ _ _ _ \n\nself = <services.pet.pet_api.PetApi object at 0x7fa02e53cbc0>\ninvalid_data = 'This is not a JSON', expected_status = 400\n\n    @allure.step(\"Create pet with invalid data\")\n    def create_pet_invalid_data(self, invalid_data, expected_status):\n        response = requests.post(url=self.endpoints.create_pet,\n                                 headers=self.headers.basic,\n                                 json=invalid_data)\n        print(response.status_code)\n        self.attach_response(response.json())\n>       assert response.status_code == expected_status, f\"Expected {expected_status}, but got {response.status_code}\"\nE       AssertionError: Expected 400, but got 500\n\nservices/pet/pet_api.py:51: AssertionError","steps":[{"name":"Create pet with invalid data","time":{"start":1771243428837,"stop":1771243429129,"duration":292},"status":"failed","statusMessage":"AssertionError: Expected 400, but got 500\n","statusTrace":"  File \"/usr/local/lib/python3.12/site-packages/allure_commons/_allure.py\", line 202, in impl\n    return func(*a, **kw)\n           ^^^^^^^^^^^^^^\n  File \"/usr/workspace/services/pet/pet_api.py\", line 51, in create_pet_invalid_data\n    assert response.status_code == expected_status, f\"Expected {expected_status}, but got {response.status_code}\"\n","steps":[],"attachments":[{"uid":"d9c26ddc3ac17494","name":"API Response","source":"d9c26ddc3ac17494.json","type":"application/json","size":83}],"parameters":[{"name":"invalid_data","value":"'This is not a JSON'"},{"name":"expected_status","value":"400"}],"shouldDisplayMessage":true,"attachmentsCount":1,"stepsCount":0,"hasContent":true,"attachmentStep":false}],"attachments":[],"parameters":[],"shouldDisplayMessage":true,"attachmentsCount":1,"stepsCount":1,"hasContent":true,"attachmentStep":false},"afterStages":[{"name":"_xunit_setup_method_fixture_TestPet::0","time":{"start":1771243429135,"stop":1771243429135,"duration":0},"status":"passed","steps":[],"attachments":[],"parameters":[],"shouldDisplayMessage":false,"attachmentsCount":0,"stepsCount":0,"hasContent":false,"attachmentStep":false}],"labels":[{"name":"epic","value":"Petstore"},{"name":"feature","value":"Pet"},{"name":"parentSuite","value":"tests"},{"name":"suite","value":"test_pet"},{"name":"subSuite","value":"TestPet"},{"name":"host","value":"a0567e5b4a27"},{"name":"thread","value":"1-MainThread"},{"name":"framework","value":"pytest"},{"name":"language","value":"cpython3"},{"name":"package","value":"tests.test_pet"},{"name":"resultFormat","value":"allure2"}],"parameters":[{"name":"expected_status","value":"400"},{"name":"invalid_data","value":"'This is not a JSON'"}],"links":[],"hidden":false,"retry":false,"extra":{"severity":"normal","retries":[],"categories":[],"history":{"statistic":{"failed":0,"broken":0,"skipped":12,"passed":0,"unknown":0,"total":12},"items":[{"uid":"af66aaffd9e17541","status":"skipped","statusDetails":"XFAIL AssertionError: Expected 405, but got 500\n\nAssertionError: Expected 400, but got 500","time":{"start":1771243243963,"stop":1771243244072,"duration":109}},{"uid":"2b449149b9b69c5a","status":"skipped","statusDetails":"XFAIL AssertionError: Expected 405, but got 500\n\nAssertionError: Expected 400, but got 500","time":{"start":1771242591197,"stop":1771242591342,"duration":145}},{"uid":"d61de1f3f08affd0","status":"skipped","statusDetails":"XFAIL AssertionError: Expected 405, but got 500\n\nAssertionError: Expected 400, but got 500","time":{"start":1771238841048,"stop":1771238841245,"duration":197}},{"uid":"3dc63c9d0e1a4170","status":"skipped","statusDetails":"XFAIL AssertionError: Expected 405, but got 500\n\nAssertionError: Expected 400, but got 500","time":{"start":1771238336631,"stop":1771238336672,"duration":41}},{"uid":"a8741dd1f31d1abb","status":"skipped","statusDetails":"XFAIL AssertionError: Expected 405, but got 500\n\nAssertionError: Expected 400, but got 500","time":{"start":1771235542823,"stop":1771235543137,"duration":314}},{"uid":"a0efa9c57829096e","status":"skipped","statusDetails":"XFAIL AssertionError: Expected 405, but got 500\n\nAssertionError: Expected 400, but got 500","time":{"start":1771235099813,"stop":1771235099907,"duration":94}},{"uid":"c6b2e2a1eda58c7e","status":"skipped","statusDetails":"XFAIL AssertionError: Expected 405, but got 500\n\nAssertionError: Expected 400, but got 500","time":{"start":1771234014415,"stop":1771234014521,"duration":106}},{"uid":"8a6251b0c592f6c","status":"skipped","statusDetails":"XFAIL AssertionError: Expected 405, but got 500\n\nAssertionError: Expected 400, but got 500","time":{"start":1771233796748,"stop":1771233796931,"duration":183}},{"uid":"2a00ab4f53f3fa28","status":"skipped","statusDetails":"XFAIL AssertionError: Expected 405, but got 500\n\nAssertionError: Expected 400, but got 500","time":{"start":1771221332753,"stop":1771221332969,"duration":216}},{"uid":"7a30b453bf071ab5","status":"skipped","statusDetails":"XFAIL AssertionError: Expected 405, but got 500\n\nAssertionError: Expected 400, but got 500","time":{"start":1770984145018,"stop":1770984145113,"duration":95}},{"uid":"593c588763ced68e","status":"skipped","statusDetails":"XFAIL AssertionError: Expected 405, but got 500\n\nAssertionError: Expected 400, but got 500","time":{"start":1770983852522,"stop":1770983852580,"duration":58}}]},"tags":[]},"source":"5f5b90f7f8baed.json","parameterValues":["400","'This is not a JSON'"]}