{"uid":"9224e9cade573b10","name":"Logs user into the system (negative)","fullName":"tests.test_user.TestUser#test_logs_user_into_the_system_negative","historyId":"8c74031cd2c684647aeb581d06fb8227","time":{"start":1772198899032,"stop":1772198899071,"duration":39},"status":"skipped","statusMessage":"XFAIL AssertionError: Expected 404, but got 200\n\nAssertionError: Expected 404, but got 200","statusTrace":"self = <test_user.TestUser object at 0x7f33e37eb6e0>\nusername = 'non_existent_password', password = 'new123qwe'\nexpected_status = 404\n\n    @allure.title(\"Logs user into the system (negative)\")\n    @pytest.mark.parametrize(\"username, password, expected_status\", [\n        pytest.param(\"non_existent_password\", \"new123qwe\", 404, marks=pytest.mark.xfail(\n            reason=\"AssertionError: Expected 404, but got 200\", strict=True)),\n        pytest.param(\"empty_data\", \"\", 404, marks=pytest.mark.xfail(\n            reason=\"AssertionError: Expected 404, but got 200\", strict=True)),\n        pytest.param(\"non_existent_user\", \"qwezxc\", 404, marks=pytest.mark.xfail(\n            reason=\"AssertionError: Expected 404, but got 200\", strict=True)),\n    ])\n    def test_logs_user_into_the_system_negative(self, username, password, expected_status):\n>       self.user_api.logs_user_into_the_system_negative(username, password, expected_status)\n\ntests/test_user.py:69: \n_ _ _ _ _ _ _ _ _ _ _ _ _ _ _ _ _ _ _ _ _ _ _ _ _ _ _ _ _ _ _ _ _ _ _ _ _ _ _ _ \n\nself = <services.user.user_api.UserApi object at 0x7f33e37ead50>\nusername = 'non_existent_password', password = 'new123qwe'\nexpected_status = 404\n\n    @allure.step(\"Logs user into the system (negative)\")\n    def logs_user_into_the_system_negative(self, username, password, expected_status: int):\n        response = requests.get(url=self.endpoints.logs_user_into_the_system(),\n                                headers=self.headers.get_user_into_the_system,\n                                params={\"username\": username, \"password\": password})\n        self.attach_response(response)\n        print(f\"Status: {response.status_code}\")\n        print(response.json())\n>       assert response.status_code == expected_status, f\"Expected {expected_status}, but got {response.status_code}\"\nE       AssertionError: Expected 404, but got 200\n\nservices/user/user_api.py:105: AssertionError","flaky":false,"newFailed":false,"newBroken":false,"newPassed":false,"retriesCount":0,"retriesStatusChange":false,"beforeStages":[{"name":"_session_faker","time":{"start":1772198896468,"stop":1772198896469,"duration":1},"status":"passed","steps":[],"attachments":[],"parameters":[],"shouldDisplayMessage":false,"stepsCount":0,"hasContent":false,"attachmentStep":false,"attachmentsCount":0},{"name":"_xunit_setup_method_fixture_TestUser","time":{"start":1772198899031,"stop":1772198899031,"duration":0},"status":"passed","steps":[],"attachments":[],"parameters":[],"shouldDisplayMessage":false,"stepsCount":0,"hasContent":false,"attachmentStep":false,"attachmentsCount":0}],"testStage":{"status":"skipped","statusMessage":"XFAIL AssertionError: Expected 404, but got 200\n\nAssertionError: Expected 404, but got 200","statusTrace":"self = <test_user.TestUser object at 0x7f33e37eb6e0>\nusername = 'non_existent_password', password = 'new123qwe'\nexpected_status = 404\n\n    @allure.title(\"Logs user into the system (negative)\")\n    @pytest.mark.parametrize(\"username, password, expected_status\", [\n        pytest.param(\"non_existent_password\", \"new123qwe\", 404, marks=pytest.mark.xfail(\n            reason=\"AssertionError: Expected 404, but got 200\", strict=True)),\n        pytest.param(\"empty_data\", \"\", 404, marks=pytest.mark.xfail(\n            reason=\"AssertionError: Expected 404, but got 200\", strict=True)),\n        pytest.param(\"non_existent_user\", \"qwezxc\", 404, marks=pytest.mark.xfail(\n            reason=\"AssertionError: Expected 404, but got 200\", strict=True)),\n    ])\n    def test_logs_user_into_the_system_negative(self, username, password, expected_status):\n>       self.user_api.logs_user_into_the_system_negative(username, password, expected_status)\n\ntests/test_user.py:69: \n_ _ _ _ _ _ _ _ _ _ _ _ _ _ _ _ _ _ _ _ _ _ _ _ _ _ _ _ _ _ _ _ _ _ _ _ _ _ _ _ \n\nself = <services.user.user_api.UserApi object at 0x7f33e37ead50>\nusername = 'non_existent_password', password = 'new123qwe'\nexpected_status = 404\n\n    @allure.step(\"Logs user into the system (negative)\")\n    def logs_user_into_the_system_negative(self, username, password, expected_status: int):\n        response = requests.get(url=self.endpoints.logs_user_into_the_system(),\n                                headers=self.headers.get_user_into_the_system,\n                                params={\"username\": username, \"password\": password})\n        self.attach_response(response)\n        print(f\"Status: {response.status_code}\")\n        print(response.json())\n>       assert response.status_code == expected_status, f\"Expected {expected_status}, but got {response.status_code}\"\nE       AssertionError: Expected 404, but got 200\n\nservices/user/user_api.py:105: AssertionError","steps":[{"name":"Logs user into the system (negative)","time":{"start":1772198899032,"stop":1772198899071,"duration":39},"status":"failed","statusMessage":"AssertionError: Expected 404, but got 200\n","statusTrace":"  File \"/usr/local/lib/python3.12/site-packages/allure_commons/_allure.py\", line 202, in impl\n    return func(*a, **kw)\n           ^^^^^^^^^^^^^^\n  File \"/usr/workspace/services/user/user_api.py\", line 105, in logs_user_into_the_system_negative\n    assert response.status_code == expected_status, f\"Expected {expected_status}, but got {response.status_code}\"\n","steps":[],"attachments":[{"uid":"199a32059592bac3","name":"API Response (JSON)","source":"199a32059592bac3.json","type":"application/json","size":97}],"parameters":[{"name":"username","value":"'non_existent_password'"},{"name":"password","value":"'new123qwe'"},{"name":"expected_status","value":"404"}],"shouldDisplayMessage":true,"stepsCount":0,"hasContent":true,"attachmentStep":false,"attachmentsCount":1}],"attachments":[],"parameters":[],"shouldDisplayMessage":true,"stepsCount":1,"hasContent":true,"attachmentStep":false,"attachmentsCount":1},"afterStages":[{"name":"_xunit_setup_method_fixture_TestUser::0","time":{"start":1772198899078,"stop":1772198899079,"duration":1},"status":"passed","steps":[],"attachments":[],"parameters":[],"shouldDisplayMessage":false,"stepsCount":0,"hasContent":false,"attachmentStep":false,"attachmentsCount":0}],"labels":[{"name":"feature","value":"User"},{"name":"epic","value":"Petstore"},{"name":"parentSuite","value":"tests"},{"name":"suite","value":"test_user"},{"name":"subSuite","value":"TestUser"},{"name":"host","value":"e8b53e029567"},{"name":"thread","value":"1-MainThread"},{"name":"framework","value":"pytest"},{"name":"language","value":"cpython3"},{"name":"package","value":"tests.test_user"},{"name":"resultFormat","value":"allure2"}],"parameters":[{"name":"expected_status","value":"404"},{"name":"password","value":"'new123qwe'"},{"name":"username","value":"'non_existent_password'"}],"links":[],"hidden":false,"retry":false,"extra":{"severity":"normal","retries":[],"categories":[],"tags":[]},"source":"9224e9cade573b10.json","parameterValues":["404","'new123qwe'","'non_existent_password'"]}