{"uid":"a2abbdd0d4a1a23f","name":"Find pet by status","fullName":"tests.test_pet.TestPet#test_find_pet_by_status","historyId":"cddd28677d45375613cb370dfde9c34f","time":{"start":1771235100412,"stop":1771235100508,"duration":96},"status":"skipped","statusMessage":"XFAIL Server returns 200 [] instead of 400 for invalid status\n\nAssertionError: []","statusTrace":"self = <test_pet.TestPet object at 0x7f86ecf2c9b0>, status = 'invalid_status'\nexpected_status = 400\n\n    @allure.title(\"Find pet by status\")\n    @pytest.mark.parametrize(\"status, expected_status\", [\n        (\"available\", 200),\n        (\"pending\", 200),\n        (\"sold\", 200),\n        pytest.param(\"invalid_status\", 400,\n                     marks=pytest.mark.xfail(reason=\"Server returns 200 [] instead of 400 for invalid status\", strict=True))\n    ])\n    def test_find_pet_by_status(self, status, expected_status):\n>       pets = self.pet_api.find_pet_by_status(status, expected_status)\n               ^^^^^^^^^^^^^^^^^^^^^^^^^^^^^^^^^^^^^^^^^^^^^^^^^^^^^^^^\n\ntests/test_pet.py:51: \n_ _ _ _ _ _ _ _ _ _ _ _ _ _ _ _ _ _ _ _ _ _ _ _ _ _ _ _ _ _ _ _ _ _ _ _ _ _ _ _ \nservices/pet/pet_api.py:64: in find_pet_by_status\n    return self.validate_response(response, PetResponseFindByStatus, status_code=expected_status)\n           ^^^^^^^^^^^^^^^^^^^^^^^^^^^^^^^^^^^^^^^^^^^^^^^^^^^^^^^^^^^^^^^^^^^^^^^^^^^^^^^^^^^^^^\n_ _ _ _ _ _ _ _ _ _ _ _ _ _ _ _ _ _ _ _ _ _ _ _ _ _ _ _ _ _ _ _ _ _ _ _ _ _ _ _ \n\nself = <services.pet.pet_api.PetApi object at 0x7f86ecf441d0>\nresponse = <Response [200]>\nmodel = <class 'services.pet.models.model_find_by_status.PetResponseFindByStatus'>\nstatus_code = 400, expected_success = True\n\n    def validate_response(self,\n        response: requests.Response,\n        model = type[BaseModel],\n        status_code: int = 200,\n        expected_success: bool = True\n    ):\n        self.attach_response(response.json())\n        if expected_success:\n>           assert response.status_code == status_code, response.json()\nE           AssertionError: []\n\nhelpers/helper.py:23: AssertionError","flaky":false,"newFailed":false,"newBroken":false,"newPassed":false,"retriesCount":0,"retriesStatusChange":false,"beforeStages":[{"name":"_session_faker","time":{"start":1771235098874,"stop":1771235098875,"duration":1},"status":"passed","steps":[],"attachments":[],"parameters":[],"shouldDisplayMessage":false,"attachmentsCount":0,"stepsCount":0,"hasContent":false,"attachmentStep":false},{"name":"_xunit_setup_method_fixture_TestPet","time":{"start":1771235100412,"stop":1771235100412,"duration":0},"status":"passed","steps":[],"attachments":[],"parameters":[],"shouldDisplayMessage":false,"attachmentsCount":0,"stepsCount":0,"hasContent":false,"attachmentStep":false}],"testStage":{"status":"skipped","statusMessage":"XFAIL Server returns 200 [] instead of 400 for invalid status\n\nAssertionError: []","statusTrace":"self = <test_pet.TestPet object at 0x7f86ecf2c9b0>, status = 'invalid_status'\nexpected_status = 400\n\n    @allure.title(\"Find pet by status\")\n    @pytest.mark.parametrize(\"status, expected_status\", [\n        (\"available\", 200),\n        (\"pending\", 200),\n        (\"sold\", 200),\n        pytest.param(\"invalid_status\", 400,\n                     marks=pytest.mark.xfail(reason=\"Server returns 200 [] instead of 400 for invalid status\", strict=True))\n    ])\n    def test_find_pet_by_status(self, status, expected_status):\n>       pets = self.pet_api.find_pet_by_status(status, expected_status)\n               ^^^^^^^^^^^^^^^^^^^^^^^^^^^^^^^^^^^^^^^^^^^^^^^^^^^^^^^^\n\ntests/test_pet.py:51: \n_ _ _ _ _ _ _ _ _ _ _ _ _ _ _ _ _ _ _ _ _ _ _ _ _ _ _ _ _ _ _ _ _ _ _ _ _ _ _ _ \nservices/pet/pet_api.py:64: in find_pet_by_status\n    return self.validate_response(response, PetResponseFindByStatus, status_code=expected_status)\n           ^^^^^^^^^^^^^^^^^^^^^^^^^^^^^^^^^^^^^^^^^^^^^^^^^^^^^^^^^^^^^^^^^^^^^^^^^^^^^^^^^^^^^^\n_ _ _ _ _ _ _ _ _ _ _ _ _ _ _ _ _ _ _ _ _ _ _ _ _ _ _ _ _ _ _ _ _ _ _ _ _ _ _ _ \n\nself = <services.pet.pet_api.PetApi object at 0x7f86ecf441d0>\nresponse = <Response [200]>\nmodel = <class 'services.pet.models.model_find_by_status.PetResponseFindByStatus'>\nstatus_code = 400, expected_success = True\n\n    def validate_response(self,\n        response: requests.Response,\n        model = type[BaseModel],\n        status_code: int = 200,\n        expected_success: bool = True\n    ):\n        self.attach_response(response.json())\n        if expected_success:\n>           assert response.status_code == status_code, response.json()\nE           AssertionError: []\n\nhelpers/helper.py:23: AssertionError","steps":[{"name":"Find pet by status","time":{"start":1771235100413,"stop":1771235100507,"duration":94},"status":"failed","statusMessage":"AssertionError: []\n","statusTrace":"  File \"/usr/local/lib/python3.12/site-packages/allure_commons/_allure.py\", line 202, in impl\n    return func(*a, **kw)\n           ^^^^^^^^^^^^^^\n  File \"/usr/workspace/services/pet/pet_api.py\", line 64, in find_pet_by_status\n    return self.validate_response(response, PetResponseFindByStatus, status_code=expected_status)\n           ^^^^^^^^^^^^^^^^^^^^^^^^^^^^^^^^^^^^^^^^^^^^^^^^^^^^^^^^^^^^^^^^^^^^^^^^^^^^^^^^^^^^^^\n  File \"/usr/workspace/helpers/helper.py\", line 23, in validate_response\n    assert response.status_code == status_code, response.json()\n","steps":[],"attachments":[{"uid":"84e76f73a6fb1da3","name":"API Response","source":"84e76f73a6fb1da3.json","type":"application/json","size":2},{"uid":"8f4fa1a83da7e348","name":"API Response","source":"8f4fa1a83da7e348.json","type":"application/json","size":2}],"parameters":[{"name":"status","value":"'invalid_status'"},{"name":"expected_status","value":"400"}],"shouldDisplayMessage":true,"attachmentsCount":2,"stepsCount":0,"hasContent":true,"attachmentStep":false}],"attachments":[],"parameters":[],"shouldDisplayMessage":true,"attachmentsCount":2,"stepsCount":1,"hasContent":true,"attachmentStep":false},"afterStages":[{"name":"_xunit_setup_method_fixture_TestPet::0","time":{"start":1771235100515,"stop":1771235100515,"duration":0},"status":"passed","steps":[],"attachments":[],"parameters":[],"shouldDisplayMessage":false,"attachmentsCount":0,"stepsCount":0,"hasContent":false,"attachmentStep":false}],"labels":[{"name":"feature","value":"Pet"},{"name":"epic","value":"Petstore"},{"name":"parentSuite","value":"tests"},{"name":"suite","value":"test_pet"},{"name":"subSuite","value":"TestPet"},{"name":"host","value":"0a02243f5a81"},{"name":"thread","value":"1-MainThread"},{"name":"framework","value":"pytest"},{"name":"language","value":"cpython3"},{"name":"package","value":"tests.test_pet"},{"name":"resultFormat","value":"allure2"}],"parameters":[{"name":"expected_status","value":"400"},{"name":"status","value":"'invalid_status'"}],"links":[],"hidden":false,"retry":false,"extra":{"severity":"normal","retries":[],"categories":[],"history":{"statistic":{"failed":0,"broken":0,"skipped":6,"passed":0,"unknown":0,"total":6},"items":[{"uid":"38fd4190d080d982","status":"skipped","statusDetails":"XFAIL Server returns 200 [] instead of 400 for invalid status\n\nAssertionError: []","time":{"start":1771234014935,"stop":1771234015043,"duration":108}},{"uid":"2677352e3558e469","status":"skipped","statusDetails":"XFAIL Server returns 200 [] instead of 400 for invalid status\n\nAssertionError: []","time":{"start":1771233797656,"stop":1771233797840,"duration":184}},{"uid":"b208e9c69a5625d3","status":"skipped","statusDetails":"XFAIL Server returns 200 [] instead of 400 for invalid status\n\nAssertionError: []","time":{"start":1771221333820,"stop":1771221334013,"duration":193}},{"uid":"4f07725e4a33f940","status":"skipped","statusDetails":"XFAIL Server returns 200 [] instead of 400 for invalid status\n\nAssertionError: []","time":{"start":1770984145472,"stop":1770984145584,"duration":112}},{"uid":"851a76f6c37e2131","status":"skipped","statusDetails":"XFAIL Server returns 200 [] instead of 400 for invalid status\n\nAssertionError: []","time":{"start":1770983852812,"stop":1770983852858,"duration":46}}]},"tags":[]},"source":"a2abbdd0d4a1a23f.json","parameterValues":["400","'invalid_status'"]}