{"uid":"ab419d6023bc2f2","name":"Updated user (negative)","fullName":"tests.test_user.TestUser#test_updated_user_negative","historyId":"f5e655a6b63a81a4c8a0d5331a638367","time":{"start":1772199546230,"stop":1772199546333,"duration":103},"status":"skipped","statusMessage":"XFAIL AssertionError: Expected 404, but got 200\n\nAssertionError: Expected 404, but got 200","statusTrace":"self = <test_user.TestUser object at 0x7f485ed34830>\nusername = 'non_existent_user', payload = {'id': 1, 'username': 'new'}\nexpected_status = 404\n\n    @allure.title(\"Updated user (negative)\")\n    @pytest.mark.parametrize(\"username, payload, expected_status\", [\n            pytest.param(\"non_existent_user\", {\"id\": 1, \"username\": \"new\"}, 404, marks=pytest.mark.xfail(\n            reason=\"AssertionError: Expected 404, but got 200\", strict=True)),  # Несуществующий пользователь\n            pytest.param(\"valid_user\", {\"id\": \"invalid_type\"}, 400, marks=pytest.mark.xfail(\n            reason=\"AssertionError: Expected 400, but got 500\", strict=True)),  # Неправильный тип id,\n            pytest.param(\"invalid_id\", {\"id\": -1}, 400, marks=pytest.mark.xfail(\n            reason=\"AssertionError: Expected 400, but got 200\", strict=True)),  # Отрицательный id\n            pytest.param(\"invalid_json\", {}, 400, marks=pytest.mark.xfail(\n            reason=\"AssertionError: Expected 400, but got 200\", strict=True)),  # Пустой json\n            pytest.param(\"invalid_json\", {\"email\": \"qwerty123.com\"}, 400, marks=pytest.mark.xfail(\n            reason=\"AssertionError: Expected 400, but got 200\", strict=True))  # Неправильный email\n    ])\n    def test_updated_user_negative(self, username, payload, expected_status):\n>       self.user_api.updated_user_negative(username, payload, expected_status)\n\ntests/test_user.py:43: \n_ _ _ _ _ _ _ _ _ _ _ _ _ _ _ _ _ _ _ _ _ _ _ _ _ _ _ _ _ _ _ _ _ _ _ _ _ _ _ _ \n\nself = <services.user.user_api.UserApi object at 0x7f485ed6c3b0>\nusername = 'non_existent_user', payload = {'id': 1, 'username': 'new'}\nexpected_status = 404\n\n    @allure.step(\"Updated user (negative)\")\n    def updated_user_negative(self, username, payload, expected_status):\n        response = requests.put(url=self.endpoints.updated_user(username),\n                                 headers=self.headers.basic,\n                                 json=payload)\n        print(response.status_code)\n        self.attach_response(response)\n>       assert response.status_code == expected_status, f\"Expected {expected_status}, but got {response.status_code}\"\nE       AssertionError: Expected 404, but got 200\n\nservices/user/user_api.py:71: AssertionError","flaky":false,"newFailed":false,"newBroken":false,"newPassed":false,"retriesCount":0,"retriesStatusChange":false,"beforeStages":[{"name":"_session_faker","time":{"start":1772199541269,"stop":1772199541270,"duration":1},"status":"passed","steps":[],"attachments":[],"parameters":[],"shouldDisplayMessage":false,"attachmentsCount":0,"stepsCount":0,"hasContent":false,"attachmentStep":false},{"name":"_xunit_setup_method_fixture_TestUser","time":{"start":1772199546229,"stop":1772199546229,"duration":0},"status":"passed","steps":[],"attachments":[],"parameters":[],"shouldDisplayMessage":false,"attachmentsCount":0,"stepsCount":0,"hasContent":false,"attachmentStep":false}],"testStage":{"status":"skipped","statusMessage":"XFAIL AssertionError: Expected 404, but got 200\n\nAssertionError: Expected 404, but got 200","statusTrace":"self = <test_user.TestUser object at 0x7f485ed34830>\nusername = 'non_existent_user', payload = {'id': 1, 'username': 'new'}\nexpected_status = 404\n\n    @allure.title(\"Updated user (negative)\")\n    @pytest.mark.parametrize(\"username, payload, expected_status\", [\n            pytest.param(\"non_existent_user\", {\"id\": 1, \"username\": \"new\"}, 404, marks=pytest.mark.xfail(\n            reason=\"AssertionError: Expected 404, but got 200\", strict=True)),  # Несуществующий пользователь\n            pytest.param(\"valid_user\", {\"id\": \"invalid_type\"}, 400, marks=pytest.mark.xfail(\n            reason=\"AssertionError: Expected 400, but got 500\", strict=True)),  # Неправильный тип id,\n            pytest.param(\"invalid_id\", {\"id\": -1}, 400, marks=pytest.mark.xfail(\n            reason=\"AssertionError: Expected 400, but got 200\", strict=True)),  # Отрицательный id\n            pytest.param(\"invalid_json\", {}, 400, marks=pytest.mark.xfail(\n            reason=\"AssertionError: Expected 400, but got 200\", strict=True)),  # Пустой json\n            pytest.param(\"invalid_json\", {\"email\": \"qwerty123.com\"}, 400, marks=pytest.mark.xfail(\n            reason=\"AssertionError: Expected 400, but got 200\", strict=True))  # Неправильный email\n    ])\n    def test_updated_user_negative(self, username, payload, expected_status):\n>       self.user_api.updated_user_negative(username, payload, expected_status)\n\ntests/test_user.py:43: \n_ _ _ _ _ _ _ _ _ _ _ _ _ _ _ _ _ _ _ _ _ _ _ _ _ _ _ _ _ _ _ _ _ _ _ _ _ _ _ _ \n\nself = <services.user.user_api.UserApi object at 0x7f485ed6c3b0>\nusername = 'non_existent_user', payload = {'id': 1, 'username': 'new'}\nexpected_status = 404\n\n    @allure.step(\"Updated user (negative)\")\n    def updated_user_negative(self, username, payload, expected_status):\n        response = requests.put(url=self.endpoints.updated_user(username),\n                                 headers=self.headers.basic,\n                                 json=payload)\n        print(response.status_code)\n        self.attach_response(response)\n>       assert response.status_code == expected_status, f\"Expected {expected_status}, but got {response.status_code}\"\nE       AssertionError: Expected 404, but got 200\n\nservices/user/user_api.py:71: AssertionError","steps":[{"name":"Updated user (negative)","time":{"start":1772199546230,"stop":1772199546333,"duration":103},"status":"failed","statusMessage":"AssertionError: Expected 404, but got 200\n","statusTrace":"  File \"/usr/local/lib/python3.12/site-packages/allure_commons/_allure.py\", line 202, in impl\n    return func(*a, **kw)\n           ^^^^^^^^^^^^^^\n  File \"/usr/workspace/services/user/user_api.py\", line 71, in updated_user_negative\n    assert response.status_code == expected_status, f\"Expected {expected_status}, but got {response.status_code}\"\n","steps":[],"attachments":[{"uid":"13621f5f65c7c09a","name":"API Response (JSON)","source":"13621f5f65c7c09a.json","type":"application/json","size":62}],"parameters":[{"name":"username","value":"'non_existent_user'"},{"name":"payload","value":"{'id': 1, 'username': 'new'}"},{"name":"expected_status","value":"404"}],"shouldDisplayMessage":true,"attachmentsCount":1,"stepsCount":0,"hasContent":true,"attachmentStep":false}],"attachments":[],"parameters":[],"shouldDisplayMessage":true,"attachmentsCount":1,"stepsCount":1,"hasContent":true,"attachmentStep":false},"afterStages":[{"name":"_xunit_setup_method_fixture_TestUser::0","time":{"start":1772199546341,"stop":1772199546341,"duration":0},"status":"passed","steps":[],"attachments":[],"parameters":[],"shouldDisplayMessage":false,"attachmentsCount":0,"stepsCount":0,"hasContent":false,"attachmentStep":false}],"labels":[{"name":"feature","value":"User"},{"name":"epic","value":"Petstore"},{"name":"parentSuite","value":"tests"},{"name":"suite","value":"test_user"},{"name":"subSuite","value":"TestUser"},{"name":"host","value":"7d1eb9ca2a2f"},{"name":"thread","value":"1-MainThread"},{"name":"framework","value":"pytest"},{"name":"language","value":"cpython3"},{"name":"package","value":"tests.test_user"},{"name":"resultFormat","value":"allure2"}],"parameters":[{"name":"expected_status","value":"404"},{"name":"payload","value":"{'id': 1, 'username': 'new'}"},{"name":"username","value":"'non_existent_user'"}],"links":[],"hidden":false,"retry":false,"extra":{"severity":"normal","retries":[],"categories":[],"history":{"statistic":{"failed":0,"broken":0,"skipped":2,"passed":0,"unknown":0,"total":2},"items":[{"uid":"fae36d69b788491e","status":"skipped","statusDetails":"XFAIL AssertionError: Expected 404, but got 200\n\nAssertionError: Expected 404, but got 200","time":{"start":1772198898620,"stop":1772198898681,"duration":61}}]},"tags":[]},"source":"ab419d6023bc2f2.json","parameterValues":["404","{'id': 1, 'username': 'new'}","'non_existent_user'"]}