{"uid":"b82d856a4f1a8da6","name":"Place an order for a pet (negative)","fullName":"tests.test_store.TestStore#test_place_an_order_invalid_data","historyId":"653f009549fc8b80802df7ab3d32d552","time":{"start":1772198898051,"stop":1772198898091,"duration":40},"status":"skipped","statusMessage":"XFAIL AssertionError: Expected 400, but got 500\n\nAssertionError: Expected 400, but got 500","statusTrace":"self = <test_store.TestStore object at 0x7f33e37e7080>\ninvalid_data = {'id': 'abc'}, expected_status = 400\n\n    @allure.title(\"Place an order for a pet (negative)\")\n    @pytest.mark.parametrize(\"invalid_data, expected_status\", [\n        pytest.param({\"id\": \"abc\"}, 400, id=\"string_instead_of_int\", marks=pytest.mark.xfail(\n            reason=\"AssertionError: Expected 400, but got 500\", strict=True)),\n        pytest.param({\"quantity\": -1}, 400, id=\"negative_quantity\", marks=pytest.mark.xfail(\n            reason=\"AssertionError: Expected 400, but got 200\", strict=True)),\n        pytest.param({}, 400, id=\"empty_body\", marks=pytest.mark.xfail(\n            reason=\"AssertionError: Expected 400, but got 200\", strict=True)),\n        pytest.param({\"shipDate\": \"invalid-date\"}, 400, id=\"invalid_date_format\", marks=pytest.mark.xfail(\n            reason=\"AssertionError: Expected 400, but got 500\", strict=True))\n    ])\n    def test_place_an_order_invalid_data(self, invalid_data, expected_status):\n>       self.store_api.place_an_order_invalid_data(invalid_data, expected_status)\n\ntests/test_store.py:31: \n_ _ _ _ _ _ _ _ _ _ _ _ _ _ _ _ _ _ _ _ _ _ _ _ _ _ _ _ _ _ _ _ _ _ _ _ _ _ _ _ \n\nself = <services.store.store_api.StoreApi object at 0x7f33e37fd8e0>\ninvalid_data = {'id': 'abc'}, expected_status = 400\n\n    @allure.step(\"Place an order for a pet (negative)\")\n    def place_an_order_invalid_data(self, invalid_data, expected_status):\n        response = requests.post(url=self.endpoints.order,\n                                 headers=self.headers.store_header,\n                                 json=invalid_data)\n        print(response.status_code)\n        self.attach_response(response)\n>       assert response.status_code == expected_status, f\"Expected {expected_status}, but got {response.status_code}\"\nE       AssertionError: Expected 400, but got 500\n\nservices/store/store_api.py:45: AssertionError","flaky":false,"newFailed":false,"newBroken":false,"newPassed":false,"retriesCount":0,"retriesStatusChange":false,"beforeStages":[{"name":"_session_faker","time":{"start":1772198896468,"stop":1772198896469,"duration":1},"status":"passed","steps":[],"attachments":[],"parameters":[],"shouldDisplayMessage":false,"stepsCount":0,"hasContent":false,"attachmentStep":false,"attachmentsCount":0},{"name":"_xunit_setup_method_fixture_TestStore","time":{"start":1772198898050,"stop":1772198898051,"duration":1},"status":"passed","steps":[],"attachments":[],"parameters":[],"shouldDisplayMessage":false,"stepsCount":0,"hasContent":false,"attachmentStep":false,"attachmentsCount":0}],"testStage":{"status":"skipped","statusMessage":"XFAIL AssertionError: Expected 400, but got 500\n\nAssertionError: Expected 400, but got 500","statusTrace":"self = <test_store.TestStore object at 0x7f33e37e7080>\ninvalid_data = {'id': 'abc'}, expected_status = 400\n\n    @allure.title(\"Place an order for a pet (negative)\")\n    @pytest.mark.parametrize(\"invalid_data, expected_status\", [\n        pytest.param({\"id\": \"abc\"}, 400, id=\"string_instead_of_int\", marks=pytest.mark.xfail(\n            reason=\"AssertionError: Expected 400, but got 500\", strict=True)),\n        pytest.param({\"quantity\": -1}, 400, id=\"negative_quantity\", marks=pytest.mark.xfail(\n            reason=\"AssertionError: Expected 400, but got 200\", strict=True)),\n        pytest.param({}, 400, id=\"empty_body\", marks=pytest.mark.xfail(\n            reason=\"AssertionError: Expected 400, but got 200\", strict=True)),\n        pytest.param({\"shipDate\": \"invalid-date\"}, 400, id=\"invalid_date_format\", marks=pytest.mark.xfail(\n            reason=\"AssertionError: Expected 400, but got 500\", strict=True))\n    ])\n    def test_place_an_order_invalid_data(self, invalid_data, expected_status):\n>       self.store_api.place_an_order_invalid_data(invalid_data, expected_status)\n\ntests/test_store.py:31: \n_ _ _ _ _ _ _ _ _ _ _ _ _ _ _ _ _ _ _ _ _ _ _ _ _ _ _ _ _ _ _ _ _ _ _ _ _ _ _ _ \n\nself = <services.store.store_api.StoreApi object at 0x7f33e37fd8e0>\ninvalid_data = {'id': 'abc'}, expected_status = 400\n\n    @allure.step(\"Place an order for a pet (negative)\")\n    def place_an_order_invalid_data(self, invalid_data, expected_status):\n        response = requests.post(url=self.endpoints.order,\n                                 headers=self.headers.store_header,\n                                 json=invalid_data)\n        print(response.status_code)\n        self.attach_response(response)\n>       assert response.status_code == expected_status, f\"Expected {expected_status}, but got {response.status_code}\"\nE       AssertionError: Expected 400, but got 500\n\nservices/store/store_api.py:45: AssertionError","steps":[{"name":"Place an order for a pet (negative)","time":{"start":1772198898051,"stop":1772198898090,"duration":39},"status":"failed","statusMessage":"AssertionError: Expected 400, but got 500\n","statusTrace":"  File \"/usr/local/lib/python3.12/site-packages/allure_commons/_allure.py\", line 202, in impl\n    return func(*a, **kw)\n           ^^^^^^^^^^^^^^\n  File \"/usr/workspace/services/store/store_api.py\", line 45, in place_an_order_invalid_data\n    assert response.status_code == expected_status, f\"Expected {expected_status}, but got {response.status_code}\"\n","steps":[],"attachments":[{"uid":"c7fcae09315c083f","name":"API Response (JSON)","source":"c7fcae09315c083f.json","type":"application/json","size":83}],"parameters":[{"name":"invalid_data","value":"{'id': 'abc'}"},{"name":"expected_status","value":"400"}],"shouldDisplayMessage":true,"stepsCount":0,"hasContent":true,"attachmentStep":false,"attachmentsCount":1}],"attachments":[],"parameters":[],"shouldDisplayMessage":true,"stepsCount":1,"hasContent":true,"attachmentStep":false,"attachmentsCount":1},"afterStages":[{"name":"_xunit_setup_method_fixture_TestStore::0","time":{"start":1772198898096,"stop":1772198898096,"duration":0},"status":"passed","steps":[],"attachments":[],"parameters":[],"shouldDisplayMessage":false,"stepsCount":0,"hasContent":false,"attachmentStep":false,"attachmentsCount":0}],"labels":[{"name":"epic","value":"Petstore"},{"name":"feature","value":"Store"},{"name":"parentSuite","value":"tests"},{"name":"suite","value":"test_store"},{"name":"subSuite","value":"TestStore"},{"name":"host","value":"e8b53e029567"},{"name":"thread","value":"1-MainThread"},{"name":"framework","value":"pytest"},{"name":"language","value":"cpython3"},{"name":"package","value":"tests.test_store"},{"name":"resultFormat","value":"allure2"}],"parameters":[{"name":"expected_status","value":"400"},{"name":"invalid_data","value":"{'id': 'abc'}"}],"links":[],"hidden":false,"retry":false,"extra":{"severity":"normal","retries":[],"categories":[],"history":{"statistic":{"failed":0,"broken":0,"skipped":3,"passed":0,"unknown":0,"total":3},"items":[{"uid":"4c9c4aba8e79820d","status":"skipped","statusDetails":"XFAIL AssertionError: Expected 400, but got 500\n\nAssertionError: Expected 400, but got 500","time":{"start":1771567353983,"stop":1771567354029,"duration":46}},{"uid":"69deb0c43fdcf071","status":"skipped","statusDetails":"XFAIL AssertionError: Expected 400, but got 500\n\nAssertionError: Expected 400, but got 500","time":{"start":1771498251932,"stop":1771498252045,"duration":113}}]},"tags":[]},"source":"b82d856a4f1a8da6.json","parameterValues":["400","{'id': 'abc'}"]}