{"uid":"cba73f053d436bf0","name":"Create pet with invalid data","fullName":"tests.test_pet.TestPet#test_create_pet_invalid_data","historyId":"327a2a73c12d78527ec51a3b72c81e36","time":{"start":1771221332305,"stop":1771221332543,"duration":238},"status":"skipped","statusMessage":"XFAIL AssertionError: Expected 405, but got 200\n\nAssertionError: Expected 405, but got 200","statusTrace":"self = <test_pet.TestPet object at 0x7f0e340b6f00>\ninvalid_data = {'invalid_field': 'value'}, expected_status = 405\n\n    @allure.title(\"Create pet with invalid data\")\n    @pytest.mark.parametrize(\"invalid_data, expected_status\", [\n        pytest.param({\"name\": \"\", \"status\": \"available\"}, 405, marks=pytest.mark.xfail(\n            reason=\"AssertionError: Expected 405, but got 200\", strict=True)),  # Пустое имя\n        pytest.param({\"name\": \"Fido\", \"status\": None}, 405, marks=pytest.mark.xfail(\n            reason=\"AssertionError: Expected 405, but got 200\", strict=True)),  # Отсутствующий статус\n        pytest.param({\"invalid_field\": \"value\"}, 405, marks=pytest.mark.xfail(\n            reason=\"AssertionError: Expected 405, but got 200\", strict=True)),  # Некорректное поле\n        pytest.param({\"name\": \"Fido\", \"status\": \"available\", \"tags\": [{\"id\": \"not_a_number\"}]}, 405, marks=pytest.mark.xfail(\n            reason=\"AssertionError: Expected 405, but got 500\", strict=True)),  # Неправильный тип данных\n        pytest.param(\"This is not a JSON\", 400, marks=pytest.mark.xfail(\n            reason=\"AssertionError: Expected 405, but got 500\", strict=True))  # Совсем невалидный JSON(структурная ошибка)\n    ])\n    #pytest.param(..., marks=pytest.mark.xfail(reason=\"причина падения\", strict=True # Упадет, если баг вдруг починят)) # используем данный способ для пометки падающих тестов\n    def test_create_pet_invalid_data(self, invalid_data, expected_status):\n>       self.pet_api.create_pet_invalid_data(invalid_data, expected_status)\n\ntests/test_pet.py:38: \n_ _ _ _ _ _ _ _ _ _ _ _ _ _ _ _ _ _ _ _ _ _ _ _ _ _ _ _ _ _ _ _ _ _ _ _ _ _ _ _ \n\nself = <services.pet.pet_api.PetApi object at 0x7f0e340bfda0>\ninvalid_data = {'invalid_field': 'value'}, expected_status = 405\n\n    @allure.step(\"Create pet with invalid data\")\n    def create_pet_invalid_data(self, invalid_data, expected_status):\n        response = requests.post(url=self.endpoints.create_pet,\n                                 headers=self.headers.basic,\n                                 json=invalid_data)\n        print(response.status_code)\n        self.attach_response(response.json())\n>       assert response.status_code == expected_status, f\"Expected {expected_status}, but got {response.status_code}\"\nE       AssertionError: Expected 405, but got 200\n\nservices/pet/pet_api.py:51: AssertionError","flaky":false,"newFailed":false,"newBroken":false,"newPassed":false,"retriesCount":0,"retriesStatusChange":false,"beforeStages":[{"name":"_session_faker","time":{"start":1771221330995,"stop":1771221330997,"duration":2},"status":"passed","steps":[],"attachments":[],"parameters":[],"shouldDisplayMessage":false,"attachmentsCount":0,"stepsCount":0,"hasContent":false,"attachmentStep":false},{"name":"_xunit_setup_method_fixture_TestPet","time":{"start":1771221332304,"stop":1771221332304,"duration":0},"status":"passed","steps":[],"attachments":[],"parameters":[],"shouldDisplayMessage":false,"attachmentsCount":0,"stepsCount":0,"hasContent":false,"attachmentStep":false}],"testStage":{"status":"skipped","statusMessage":"XFAIL AssertionError: Expected 405, but got 200\n\nAssertionError: Expected 405, but got 200","statusTrace":"self = <test_pet.TestPet object at 0x7f0e340b6f00>\ninvalid_data = {'invalid_field': 'value'}, expected_status = 405\n\n    @allure.title(\"Create pet with invalid data\")\n    @pytest.mark.parametrize(\"invalid_data, expected_status\", [\n        pytest.param({\"name\": \"\", \"status\": \"available\"}, 405, marks=pytest.mark.xfail(\n            reason=\"AssertionError: Expected 405, but got 200\", strict=True)),  # Пустое имя\n        pytest.param({\"name\": \"Fido\", \"status\": None}, 405, marks=pytest.mark.xfail(\n            reason=\"AssertionError: Expected 405, but got 200\", strict=True)),  # Отсутствующий статус\n        pytest.param({\"invalid_field\": \"value\"}, 405, marks=pytest.mark.xfail(\n            reason=\"AssertionError: Expected 405, but got 200\", strict=True)),  # Некорректное поле\n        pytest.param({\"name\": \"Fido\", \"status\": \"available\", \"tags\": [{\"id\": \"not_a_number\"}]}, 405, marks=pytest.mark.xfail(\n            reason=\"AssertionError: Expected 405, but got 500\", strict=True)),  # Неправильный тип данных\n        pytest.param(\"This is not a JSON\", 400, marks=pytest.mark.xfail(\n            reason=\"AssertionError: Expected 405, but got 500\", strict=True))  # Совсем невалидный JSON(структурная ошибка)\n    ])\n    #pytest.param(..., marks=pytest.mark.xfail(reason=\"причина падения\", strict=True # Упадет, если баг вдруг починят)) # используем данный способ для пометки падающих тестов\n    def test_create_pet_invalid_data(self, invalid_data, expected_status):\n>       self.pet_api.create_pet_invalid_data(invalid_data, expected_status)\n\ntests/test_pet.py:38: \n_ _ _ _ _ _ _ _ _ _ _ _ _ _ _ _ _ _ _ _ _ _ _ _ _ _ _ _ _ _ _ _ _ _ _ _ _ _ _ _ \n\nself = <services.pet.pet_api.PetApi object at 0x7f0e340bfda0>\ninvalid_data = {'invalid_field': 'value'}, expected_status = 405\n\n    @allure.step(\"Create pet with invalid data\")\n    def create_pet_invalid_data(self, invalid_data, expected_status):\n        response = requests.post(url=self.endpoints.create_pet,\n                                 headers=self.headers.basic,\n                                 json=invalid_data)\n        print(response.status_code)\n        self.attach_response(response.json())\n>       assert response.status_code == expected_status, f\"Expected {expected_status}, but got {response.status_code}\"\nE       AssertionError: Expected 405, but got 200\n\nservices/pet/pet_api.py:51: AssertionError","steps":[{"name":"Create pet with invalid data","time":{"start":1771221332305,"stop":1771221332543,"duration":238},"status":"failed","statusMessage":"AssertionError: Expected 405, but got 200\n","statusTrace":"  File \"/usr/local/lib/python3.12/site-packages/allure_commons/_allure.py\", line 202, in impl\n    return func(*a, **kw)\n           ^^^^^^^^^^^^^^\n  File \"/usr/workspace/services/pet/pet_api.py\", line 51, in create_pet_invalid_data\n    assert response.status_code == expected_status, f\"Expected {expected_status}, but got {response.status_code}\"\n","steps":[],"attachments":[{"uid":"1579b3612fdcce4d","name":"API Response","source":"1579b3612fdcce4d.json","type":"application/json","size":70}],"parameters":[{"name":"invalid_data","value":"{'invalid_field': 'value'}"},{"name":"expected_status","value":"405"}],"shouldDisplayMessage":true,"attachmentsCount":1,"stepsCount":0,"hasContent":true,"attachmentStep":false}],"attachments":[],"parameters":[],"shouldDisplayMessage":true,"attachmentsCount":1,"stepsCount":1,"hasContent":true,"attachmentStep":false},"afterStages":[{"name":"_xunit_setup_method_fixture_TestPet::0","time":{"start":1771221332549,"stop":1771221332549,"duration":0},"status":"passed","steps":[],"attachments":[],"parameters":[],"shouldDisplayMessage":false,"attachmentsCount":0,"stepsCount":0,"hasContent":false,"attachmentStep":false}],"labels":[{"name":"epic","value":"Petstore"},{"name":"feature","value":"Pet"},{"name":"parentSuite","value":"tests"},{"name":"suite","value":"test_pet"},{"name":"subSuite","value":"TestPet"},{"name":"host","value":"eb3f3dadc95b"},{"name":"thread","value":"1-MainThread"},{"name":"framework","value":"pytest"},{"name":"language","value":"cpython3"},{"name":"package","value":"tests.test_pet"},{"name":"resultFormat","value":"allure2"}],"parameters":[{"name":"expected_status","value":"405"},{"name":"invalid_data","value":"{'invalid_field': 'value'}"}],"links":[],"hidden":false,"retry":false,"extra":{"severity":"normal","retries":[],"categories":[],"history":{"statistic":{"failed":0,"broken":0,"skipped":3,"passed":0,"unknown":0,"total":3},"items":[{"uid":"864d448a0c0ccb19","status":"skipped","statusDetails":"XFAIL AssertionError: Expected 405, but got 200\n\nAssertionError: Expected 405, but got 200","time":{"start":1770984144787,"stop":1770984144906,"duration":119}},{"uid":"f7244be1cf34426f","status":"skipped","statusDetails":"XFAIL AssertionError: Expected 405, but got 200\n\nAssertionError: Expected 405, but got 200","time":{"start":1770983852390,"stop":1770983852448,"duration":58}}]},"tags":[]},"source":"cba73f053d436bf0.json","parameterValues":["405","{'invalid_field': 'value'}"]}