{"uid":"cf79a9c94663b3f","name":"Create pet with invalid data","fullName":"tests.test_pet.TestPet#test_create_pet_invalid_data","historyId":"5c06729a050e7de0f04ea7f2b1006d69","time":{"start":1771234014082,"stop":1771234014185,"duration":103},"status":"skipped","statusMessage":"XFAIL AssertionError: Expected 405, but got 200\n\nAssertionError: Expected 405, but got 200","statusTrace":"self = <test_pet.TestPet object at 0x7f51ca5ba570>\ninvalid_data = {'name': 'Fido', 'status': None}, expected_status = 405\n\n    @allure.title(\"Create pet with invalid data\")\n    @pytest.mark.parametrize(\"invalid_data, expected_status\", [\n        pytest.param({\"name\": \"\", \"status\": \"available\"}, 405, marks=pytest.mark.xfail(\n            reason=\"AssertionError: Expected 405, but got 200\", strict=True)),  # Пустое имя\n        pytest.param({\"name\": \"Fido\", \"status\": None}, 405, marks=pytest.mark.xfail(\n            reason=\"AssertionError: Expected 405, but got 200\", strict=True)),  # Отсутствующий статус\n        pytest.param({\"invalid_field\": \"value\"}, 405, marks=pytest.mark.xfail(\n            reason=\"AssertionError: Expected 405, but got 200\", strict=True)),  # Некорректное поле\n        pytest.param({\"name\": \"Fido\", \"status\": \"available\", \"tags\": [{\"id\": \"not_a_number\"}]}, 405, marks=pytest.mark.xfail(\n            reason=\"AssertionError: Expected 405, but got 500\", strict=True)),  # Неправильный тип данных\n        pytest.param(\"This is not a JSON\", 400, marks=pytest.mark.xfail(\n            reason=\"AssertionError: Expected 405, but got 500\", strict=True))  # Совсем невалидный JSON(структурная ошибка)\n    ])\n    #pytest.param(..., marks=pytest.mark.xfail(reason=\"причина падения\", strict=True # Упадет, если баг вдруг починят)) # используем данный способ для пометки падающих тестов\n    def test_create_pet_invalid_data(self, invalid_data, expected_status):\n>       self.pet_api.create_pet_invalid_data(invalid_data, expected_status)\n\ntests/test_pet.py:38: \n_ _ _ _ _ _ _ _ _ _ _ _ _ _ _ _ _ _ _ _ _ _ _ _ _ _ _ _ _ _ _ _ _ _ _ _ _ _ _ _ \n\nself = <services.pet.pet_api.PetApi object at 0x7f51ca5bfc50>\ninvalid_data = {'name': 'Fido', 'status': None}, expected_status = 405\n\n    @allure.step(\"Create pet with invalid data\")\n    def create_pet_invalid_data(self, invalid_data, expected_status):\n        response = requests.post(url=self.endpoints.create_pet,\n                                 headers=self.headers.basic,\n                                 json=invalid_data)\n        print(response.status_code)\n        self.attach_response(response.json())\n>       assert response.status_code == expected_status, f\"Expected {expected_status}, but got {response.status_code}\"\nE       AssertionError: Expected 405, but got 200\n\nservices/pet/pet_api.py:51: AssertionError","flaky":false,"newFailed":false,"newBroken":false,"newPassed":false,"retriesCount":0,"retriesStatusChange":false,"beforeStages":[{"name":"_session_faker","time":{"start":1771234013524,"stop":1771234013525,"duration":1},"status":"passed","steps":[],"attachments":[],"parameters":[],"stepsCount":0,"hasContent":false,"attachmentStep":false,"shouldDisplayMessage":false,"attachmentsCount":0},{"name":"_xunit_setup_method_fixture_TestPet","time":{"start":1771234014081,"stop":1771234014081,"duration":0},"status":"passed","steps":[],"attachments":[],"parameters":[],"stepsCount":0,"hasContent":false,"attachmentStep":false,"shouldDisplayMessage":false,"attachmentsCount":0}],"testStage":{"status":"skipped","statusMessage":"XFAIL AssertionError: Expected 405, but got 200\n\nAssertionError: Expected 405, but got 200","statusTrace":"self = <test_pet.TestPet object at 0x7f51ca5ba570>\ninvalid_data = {'name': 'Fido', 'status': None}, expected_status = 405\n\n    @allure.title(\"Create pet with invalid data\")\n    @pytest.mark.parametrize(\"invalid_data, expected_status\", [\n        pytest.param({\"name\": \"\", \"status\": \"available\"}, 405, marks=pytest.mark.xfail(\n            reason=\"AssertionError: Expected 405, but got 200\", strict=True)),  # Пустое имя\n        pytest.param({\"name\": \"Fido\", \"status\": None}, 405, marks=pytest.mark.xfail(\n            reason=\"AssertionError: Expected 405, but got 200\", strict=True)),  # Отсутствующий статус\n        pytest.param({\"invalid_field\": \"value\"}, 405, marks=pytest.mark.xfail(\n            reason=\"AssertionError: Expected 405, but got 200\", strict=True)),  # Некорректное поле\n        pytest.param({\"name\": \"Fido\", \"status\": \"available\", \"tags\": [{\"id\": \"not_a_number\"}]}, 405, marks=pytest.mark.xfail(\n            reason=\"AssertionError: Expected 405, but got 500\", strict=True)),  # Неправильный тип данных\n        pytest.param(\"This is not a JSON\", 400, marks=pytest.mark.xfail(\n            reason=\"AssertionError: Expected 405, but got 500\", strict=True))  # Совсем невалидный JSON(структурная ошибка)\n    ])\n    #pytest.param(..., marks=pytest.mark.xfail(reason=\"причина падения\", strict=True # Упадет, если баг вдруг починят)) # используем данный способ для пометки падающих тестов\n    def test_create_pet_invalid_data(self, invalid_data, expected_status):\n>       self.pet_api.create_pet_invalid_data(invalid_data, expected_status)\n\ntests/test_pet.py:38: \n_ _ _ _ _ _ _ _ _ _ _ _ _ _ _ _ _ _ _ _ _ _ _ _ _ _ _ _ _ _ _ _ _ _ _ _ _ _ _ _ \n\nself = <services.pet.pet_api.PetApi object at 0x7f51ca5bfc50>\ninvalid_data = {'name': 'Fido', 'status': None}, expected_status = 405\n\n    @allure.step(\"Create pet with invalid data\")\n    def create_pet_invalid_data(self, invalid_data, expected_status):\n        response = requests.post(url=self.endpoints.create_pet,\n                                 headers=self.headers.basic,\n                                 json=invalid_data)\n        print(response.status_code)\n        self.attach_response(response.json())\n>       assert response.status_code == expected_status, f\"Expected {expected_status}, but got {response.status_code}\"\nE       AssertionError: Expected 405, but got 200\n\nservices/pet/pet_api.py:51: AssertionError","steps":[{"name":"Create pet with invalid data","time":{"start":1771234014082,"stop":1771234014184,"duration":102},"status":"failed","statusMessage":"AssertionError: Expected 405, but got 200\n","statusTrace":"  File \"/usr/local/lib/python3.12/site-packages/allure_commons/_allure.py\", line 202, in impl\n    return func(*a, **kw)\n           ^^^^^^^^^^^^^^\n  File \"/usr/workspace/services/pet/pet_api.py\", line 51, in create_pet_invalid_data\n    assert response.status_code == expected_status, f\"Expected {expected_status}, but got {response.status_code}\"\n","steps":[],"attachments":[{"uid":"f44008b02b1a2e11","name":"API Response","source":"f44008b02b1a2e11.json","type":"application/json","size":90}],"parameters":[{"name":"invalid_data","value":"{'name': 'Fido', 'status': None}"},{"name":"expected_status","value":"405"}],"stepsCount":0,"hasContent":true,"attachmentStep":false,"shouldDisplayMessage":true,"attachmentsCount":1}],"attachments":[],"parameters":[],"stepsCount":1,"hasContent":true,"attachmentStep":false,"shouldDisplayMessage":true,"attachmentsCount":1},"afterStages":[{"name":"_xunit_setup_method_fixture_TestPet::0","time":{"start":1771234014191,"stop":1771234014191,"duration":0},"status":"passed","steps":[],"attachments":[],"parameters":[],"stepsCount":0,"hasContent":false,"attachmentStep":false,"shouldDisplayMessage":false,"attachmentsCount":0}],"labels":[{"name":"epic","value":"Petstore"},{"name":"feature","value":"Pet"},{"name":"parentSuite","value":"tests"},{"name":"suite","value":"test_pet"},{"name":"subSuite","value":"TestPet"},{"name":"host","value":"26bff6d2d17e"},{"name":"thread","value":"1-MainThread"},{"name":"framework","value":"pytest"},{"name":"language","value":"cpython3"},{"name":"package","value":"tests.test_pet"},{"name":"resultFormat","value":"allure2"}],"parameters":[{"name":"expected_status","value":"405"},{"name":"invalid_data","value":"{'name': 'Fido', 'status': None}"}],"links":[],"hidden":false,"retry":false,"extra":{"severity":"normal","retries":[],"categories":[],"history":{"statistic":{"failed":0,"broken":0,"skipped":5,"passed":0,"unknown":0,"total":5},"items":[{"uid":"a5f19cc67a1a3cb8","status":"skipped","statusDetails":"XFAIL AssertionError: Expected 405, but got 200\n\nAssertionError: Expected 405, but got 200","time":{"start":1771233796223,"stop":1771233796396,"duration":173}},{"uid":"dd249c7d6f6caa5f","status":"skipped","statusDetails":"XFAIL AssertionError: Expected 405, but got 200\n\nAssertionError: Expected 405, but got 200","time":{"start":1771221332079,"stop":1771221332297,"duration":218}},{"uid":"508cf93d2f34e4fd","status":"skipped","statusDetails":"XFAIL AssertionError: Expected 405, but got 200\n\nAssertionError: Expected 405, but got 200","time":{"start":1770984144687,"stop":1770984144780,"duration":93}},{"uid":"35d80a2f27a04546","status":"skipped","statusDetails":"XFAIL AssertionError: Expected 405, but got 200\n\nAssertionError: Expected 405, but got 200","time":{"start":1770983852300,"stop":1770983852382,"duration":82}}]},"tags":[]},"source":"cf79a9c94663b3f.json","parameterValues":["405","{'name': 'Fido', 'status': None}"]}