{"uid":"d3a9dfb403240db4","name":"Create pet with invalid data","fullName":"tests.test_pet.TestPet#test_create_pet_invalid_data","historyId":"6d64929c3515dcfc9932d29a4256b14c","time":{"start":1771242591000,"stop":1771242591188,"duration":188},"status":"skipped","statusMessage":"XFAIL AssertionError: Expected 405, but got 500\n\nAssertionError: Expected 405, but got 500","statusTrace":"self = <test_pet.TestPet object at 0x7f33b358f4d0>\ninvalid_data = {'name': 'Fido', 'status': 'available', 'tags': [{'id': 'not_a_number'}]}\nexpected_status = 405\n\n    @allure.title(\"Create pet with invalid data\")\n    @pytest.mark.parametrize(\"invalid_data, expected_status\", [\n        pytest.param({\"name\": \"\", \"status\": \"available\"}, 405, marks=pytest.mark.xfail(\n            reason=\"AssertionError: Expected 405, but got 200\", strict=True)),  # Пустое имя\n        pytest.param({\"name\": \"Fido\", \"status\": None}, 405, marks=pytest.mark.xfail(\n            reason=\"AssertionError: Expected 405, but got 200\", strict=True)),  # Отсутствующий статус\n        pytest.param({\"invalid_field\": \"value\"}, 405, marks=pytest.mark.xfail(\n            reason=\"AssertionError: Expected 405, but got 200\", strict=True)),  # Некорректное поле\n        pytest.param({\"name\": \"Fido\", \"status\": \"available\", \"tags\": [{\"id\": \"not_a_number\"}]}, 405, marks=pytest.mark.xfail(\n            reason=\"AssertionError: Expected 405, but got 500\", strict=True)),  # Неправильный тип данных\n        pytest.param(\"This is not a JSON\", 400, marks=pytest.mark.xfail(\n            reason=\"AssertionError: Expected 405, but got 500\", strict=True))  # Совсем невалидный JSON(структурная ошибка)\n    ])\n    #pytest.param(..., marks=pytest.mark.xfail(reason=\"причина падения\", strict=True # Упадет, если баг вдруг починят)) # используем данный способ для пометки падающих тестов\n    def test_create_pet_invalid_data(self, invalid_data, expected_status):\n>       self.pet_api.create_pet_invalid_data(invalid_data, expected_status)\n\ntests/test_pet.py:38: \n_ _ _ _ _ _ _ _ _ _ _ _ _ _ _ _ _ _ _ _ _ _ _ _ _ _ _ _ _ _ _ _ _ _ _ _ _ _ _ _ \n\nself = <services.pet.pet_api.PetApi object at 0x7f33b3595250>\ninvalid_data = {'name': 'Fido', 'status': 'available', 'tags': [{'id': 'not_a_number'}]}\nexpected_status = 405\n\n    @allure.step(\"Create pet with invalid data\")\n    def create_pet_invalid_data(self, invalid_data, expected_status):\n        response = requests.post(url=self.endpoints.create_pet,\n                                 headers=self.headers.basic,\n                                 json=invalid_data)\n        print(response.status_code)\n        self.attach_response(response.json())\n>       assert response.status_code == expected_status, f\"Expected {expected_status}, but got {response.status_code}\"\nE       AssertionError: Expected 405, but got 500\n\nservices/pet/pet_api.py:51: AssertionError","flaky":false,"newFailed":false,"newBroken":false,"newPassed":false,"retriesCount":0,"retriesStatusChange":false,"beforeStages":[{"name":"_session_faker","time":{"start":1771242589768,"stop":1771242589769,"duration":1},"status":"passed","steps":[],"attachments":[],"parameters":[],"shouldDisplayMessage":false,"attachmentsCount":0,"stepsCount":0,"hasContent":false,"attachmentStep":false},{"name":"_xunit_setup_method_fixture_TestPet","time":{"start":1771242591000,"stop":1771242591000,"duration":0},"status":"passed","steps":[],"attachments":[],"parameters":[],"shouldDisplayMessage":false,"attachmentsCount":0,"stepsCount":0,"hasContent":false,"attachmentStep":false}],"testStage":{"status":"skipped","statusMessage":"XFAIL AssertionError: Expected 405, but got 500\n\nAssertionError: Expected 405, but got 500","statusTrace":"self = <test_pet.TestPet object at 0x7f33b358f4d0>\ninvalid_data = {'name': 'Fido', 'status': 'available', 'tags': [{'id': 'not_a_number'}]}\nexpected_status = 405\n\n    @allure.title(\"Create pet with invalid data\")\n    @pytest.mark.parametrize(\"invalid_data, expected_status\", [\n        pytest.param({\"name\": \"\", \"status\": \"available\"}, 405, marks=pytest.mark.xfail(\n            reason=\"AssertionError: Expected 405, but got 200\", strict=True)),  # Пустое имя\n        pytest.param({\"name\": \"Fido\", \"status\": None}, 405, marks=pytest.mark.xfail(\n            reason=\"AssertionError: Expected 405, but got 200\", strict=True)),  # Отсутствующий статус\n        pytest.param({\"invalid_field\": \"value\"}, 405, marks=pytest.mark.xfail(\n            reason=\"AssertionError: Expected 405, but got 200\", strict=True)),  # Некорректное поле\n        pytest.param({\"name\": \"Fido\", \"status\": \"available\", \"tags\": [{\"id\": \"not_a_number\"}]}, 405, marks=pytest.mark.xfail(\n            reason=\"AssertionError: Expected 405, but got 500\", strict=True)),  # Неправильный тип данных\n        pytest.param(\"This is not a JSON\", 400, marks=pytest.mark.xfail(\n            reason=\"AssertionError: Expected 405, but got 500\", strict=True))  # Совсем невалидный JSON(структурная ошибка)\n    ])\n    #pytest.param(..., marks=pytest.mark.xfail(reason=\"причина падения\", strict=True # Упадет, если баг вдруг починят)) # используем данный способ для пометки падающих тестов\n    def test_create_pet_invalid_data(self, invalid_data, expected_status):\n>       self.pet_api.create_pet_invalid_data(invalid_data, expected_status)\n\ntests/test_pet.py:38: \n_ _ _ _ _ _ _ _ _ _ _ _ _ _ _ _ _ _ _ _ _ _ _ _ _ _ _ _ _ _ _ _ _ _ _ _ _ _ _ _ \n\nself = <services.pet.pet_api.PetApi object at 0x7f33b3595250>\ninvalid_data = {'name': 'Fido', 'status': 'available', 'tags': [{'id': 'not_a_number'}]}\nexpected_status = 405\n\n    @allure.step(\"Create pet with invalid data\")\n    def create_pet_invalid_data(self, invalid_data, expected_status):\n        response = requests.post(url=self.endpoints.create_pet,\n                                 headers=self.headers.basic,\n                                 json=invalid_data)\n        print(response.status_code)\n        self.attach_response(response.json())\n>       assert response.status_code == expected_status, f\"Expected {expected_status}, but got {response.status_code}\"\nE       AssertionError: Expected 405, but got 500\n\nservices/pet/pet_api.py:51: AssertionError","steps":[{"name":"Create pet with invalid data","time":{"start":1771242591001,"stop":1771242591187,"duration":186},"status":"failed","statusMessage":"AssertionError: Expected 405, but got 500\n","statusTrace":"  File \"/usr/local/lib/python3.12/site-packages/allure_commons/_allure.py\", line 202, in impl\n    return func(*a, **kw)\n           ^^^^^^^^^^^^^^\n  File \"/usr/workspace/services/pet/pet_api.py\", line 51, in create_pet_invalid_data\n    assert response.status_code == expected_status, f\"Expected {expected_status}, but got {response.status_code}\"\n","steps":[],"attachments":[{"uid":"da13b423295361a1","name":"API Response","source":"da13b423295361a1.json","type":"application/json","size":83}],"parameters":[{"name":"invalid_data","value":"{'name': 'Fido', 'status': 'available', 'tags': [{'id': 'not_a_number'}]}"},{"name":"expected_status","value":"405"}],"shouldDisplayMessage":true,"attachmentsCount":1,"stepsCount":0,"hasContent":true,"attachmentStep":false}],"attachments":[],"parameters":[],"shouldDisplayMessage":true,"attachmentsCount":1,"stepsCount":1,"hasContent":true,"attachmentStep":false},"afterStages":[{"name":"_xunit_setup_method_fixture_TestPet::0","time":{"start":1771242591195,"stop":1771242591195,"duration":0},"status":"passed","steps":[],"attachments":[],"parameters":[],"shouldDisplayMessage":false,"attachmentsCount":0,"stepsCount":0,"hasContent":false,"attachmentStep":false}],"labels":[{"name":"feature","value":"Pet"},{"name":"epic","value":"Petstore"},{"name":"parentSuite","value":"tests"},{"name":"suite","value":"test_pet"},{"name":"subSuite","value":"TestPet"},{"name":"host","value":"4bbfb2e00876"},{"name":"thread","value":"1-MainThread"},{"name":"framework","value":"pytest"},{"name":"language","value":"cpython3"},{"name":"package","value":"tests.test_pet"},{"name":"resultFormat","value":"allure2"}],"parameters":[{"name":"expected_status","value":"405"},{"name":"invalid_data","value":"{'name': 'Fido', 'status': 'available', 'tags': [{'id': 'not_a_number'}]}"}],"links":[],"hidden":false,"retry":false,"extra":{"severity":"normal","retries":[],"categories":[],"history":{"statistic":{"failed":0,"broken":0,"skipped":10,"passed":0,"unknown":0,"total":10},"items":[{"uid":"670a57b9f953d087","status":"skipped","statusDetails":"XFAIL AssertionError: Expected 405, but got 500\n\nAssertionError: Expected 405, but got 500","time":{"start":1771238840837,"stop":1771238841039,"duration":202}},{"uid":"8cdce1705a68dd33","status":"skipped","statusDetails":"XFAIL AssertionError: Expected 405, but got 500\n\nAssertionError: Expected 405, but got 500","time":{"start":1771238336583,"stop":1771238336623,"duration":40}},{"uid":"27a173ec07490062","status":"skipped","statusDetails":"XFAIL AssertionError: Expected 405, but got 500\n\nAssertionError: Expected 405, but got 500","time":{"start":1771235542501,"stop":1771235542815,"duration":314}},{"uid":"d7f92c905844cc09","status":"skipped","statusDetails":"XFAIL AssertionError: Expected 405, but got 500\n\nAssertionError: Expected 405, but got 500","time":{"start":1771235099680,"stop":1771235099804,"duration":124}},{"uid":"92aa9b32285ffa52","status":"skipped","statusDetails":"XFAIL AssertionError: Expected 405, but got 500\n\nAssertionError: Expected 405, but got 500","time":{"start":1771234014316,"stop":1771234014407,"duration":91}},{"uid":"e9694c29d6c41dc1","status":"skipped","statusDetails":"XFAIL AssertionError: Expected 405, but got 500\n\nAssertionError: Expected 405, but got 500","time":{"start":1771233796581,"stop":1771233796740,"duration":159}},{"uid":"2a233cc612aad8a9","status":"skipped","statusDetails":"XFAIL AssertionError: Expected 405, but got 500\n\nAssertionError: Expected 405, but got 500","time":{"start":1771221332551,"stop":1771221332745,"duration":194}},{"uid":"861a3f98fddff275","status":"skipped","statusDetails":"XFAIL AssertionError: Expected 405, but got 500\n\nAssertionError: Expected 405, but got 500","time":{"start":1770984144914,"stop":1770984145010,"duration":96}},{"uid":"a418ee1140df977b","status":"skipped","statusDetails":"XFAIL AssertionError: Expected 405, but got 500\n\nAssertionError: Expected 405, but got 500","time":{"start":1770983852455,"stop":1770983852514,"duration":59}}]},"tags":[]},"source":"d3a9dfb403240db4.json","parameterValues":["405","{'name': 'Fido', 'status': 'available', 'tags': [{'id': 'not_a_number'}]}"]}