{"uid":"d797590cb439b6df","name":"Place an order for a pet (negative)","fullName":"tests.test_store.TestStore#test_place_an_order_invalid_data","historyId":"598bcc0435997d974cffd905e44fc6b6","time":{"start":1772199545190,"stop":1772199545293,"duration":103},"status":"skipped","statusMessage":"XFAIL AssertionError: Expected 400, but got 500\n\nAssertionError: Expected 400, but got 500","statusTrace":"self = <test_store.TestStore object at 0x7f485ed33890>\ninvalid_data = {'shipDate': 'invalid-date'}, expected_status = 400\n\n    @allure.title(\"Place an order for a pet (negative)\")\n    @pytest.mark.parametrize(\"invalid_data, expected_status\", [\n        pytest.param({\"id\": \"abc\"}, 400, id=\"string_instead_of_int\", marks=pytest.mark.xfail(\n            reason=\"AssertionError: Expected 400, but got 500\", strict=True)),\n        pytest.param({\"quantity\": -1}, 400, id=\"negative_quantity\", marks=pytest.mark.xfail(\n            reason=\"AssertionError: Expected 400, but got 200\", strict=True)),\n        pytest.param({}, 400, id=\"empty_body\", marks=pytest.mark.xfail(\n            reason=\"AssertionError: Expected 400, but got 200\", strict=True)),\n        pytest.param({\"shipDate\": \"invalid-date\"}, 400, id=\"invalid_date_format\", marks=pytest.mark.xfail(\n            reason=\"AssertionError: Expected 400, but got 500\", strict=True))\n    ])\n    def test_place_an_order_invalid_data(self, invalid_data, expected_status):\n>       self.store_api.place_an_order_invalid_data(invalid_data, expected_status)\n\ntests/test_store.py:31: \n_ _ _ _ _ _ _ _ _ _ _ _ _ _ _ _ _ _ _ _ _ _ _ _ _ _ _ _ _ _ _ _ _ _ _ _ _ _ _ _ \n\nself = <services.store.store_api.StoreApi object at 0x7f485ed6ce30>\ninvalid_data = {'shipDate': 'invalid-date'}, expected_status = 400\n\n    @allure.step(\"Place an order for a pet (negative)\")\n    def place_an_order_invalid_data(self, invalid_data, expected_status):\n        response = requests.post(url=self.endpoints.order,\n                                 headers=self.headers.store_header,\n                                 json=invalid_data)\n        print(response.status_code)\n        self.attach_response(response)\n>       assert response.status_code == expected_status, f\"Expected {expected_status}, but got {response.status_code}\"\nE       AssertionError: Expected 400, but got 500\n\nservices/store/store_api.py:45: AssertionError","flaky":false,"newFailed":false,"newBroken":false,"newPassed":false,"retriesCount":0,"retriesStatusChange":false,"beforeStages":[{"name":"_session_faker","time":{"start":1772199541269,"stop":1772199541270,"duration":1},"status":"passed","steps":[],"attachments":[],"parameters":[],"shouldDisplayMessage":false,"attachmentsCount":0,"stepsCount":0,"hasContent":false,"attachmentStep":false},{"name":"_xunit_setup_method_fixture_TestStore","time":{"start":1772199545190,"stop":1772199545190,"duration":0},"status":"passed","steps":[],"attachments":[],"parameters":[],"shouldDisplayMessage":false,"attachmentsCount":0,"stepsCount":0,"hasContent":false,"attachmentStep":false}],"testStage":{"status":"skipped","statusMessage":"XFAIL AssertionError: Expected 400, but got 500\n\nAssertionError: Expected 400, but got 500","statusTrace":"self = <test_store.TestStore object at 0x7f485ed33890>\ninvalid_data = {'shipDate': 'invalid-date'}, expected_status = 400\n\n    @allure.title(\"Place an order for a pet (negative)\")\n    @pytest.mark.parametrize(\"invalid_data, expected_status\", [\n        pytest.param({\"id\": \"abc\"}, 400, id=\"string_instead_of_int\", marks=pytest.mark.xfail(\n            reason=\"AssertionError: Expected 400, but got 500\", strict=True)),\n        pytest.param({\"quantity\": -1}, 400, id=\"negative_quantity\", marks=pytest.mark.xfail(\n            reason=\"AssertionError: Expected 400, but got 200\", strict=True)),\n        pytest.param({}, 400, id=\"empty_body\", marks=pytest.mark.xfail(\n            reason=\"AssertionError: Expected 400, but got 200\", strict=True)),\n        pytest.param({\"shipDate\": \"invalid-date\"}, 400, id=\"invalid_date_format\", marks=pytest.mark.xfail(\n            reason=\"AssertionError: Expected 400, but got 500\", strict=True))\n    ])\n    def test_place_an_order_invalid_data(self, invalid_data, expected_status):\n>       self.store_api.place_an_order_invalid_data(invalid_data, expected_status)\n\ntests/test_store.py:31: \n_ _ _ _ _ _ _ _ _ _ _ _ _ _ _ _ _ _ _ _ _ _ _ _ _ _ _ _ _ _ _ _ _ _ _ _ _ _ _ _ \n\nself = <services.store.store_api.StoreApi object at 0x7f485ed6ce30>\ninvalid_data = {'shipDate': 'invalid-date'}, expected_status = 400\n\n    @allure.step(\"Place an order for a pet (negative)\")\n    def place_an_order_invalid_data(self, invalid_data, expected_status):\n        response = requests.post(url=self.endpoints.order,\n                                 headers=self.headers.store_header,\n                                 json=invalid_data)\n        print(response.status_code)\n        self.attach_response(response)\n>       assert response.status_code == expected_status, f\"Expected {expected_status}, but got {response.status_code}\"\nE       AssertionError: Expected 400, but got 500\n\nservices/store/store_api.py:45: AssertionError","steps":[{"name":"Place an order for a pet (negative)","time":{"start":1772199545190,"stop":1772199545293,"duration":103},"status":"failed","statusMessage":"AssertionError: Expected 400, but got 500\n","statusTrace":"  File \"/usr/local/lib/python3.12/site-packages/allure_commons/_allure.py\", line 202, in impl\n    return func(*a, **kw)\n           ^^^^^^^^^^^^^^\n  File \"/usr/workspace/services/store/store_api.py\", line 45, in place_an_order_invalid_data\n    assert response.status_code == expected_status, f\"Expected {expected_status}, but got {response.status_code}\"\n","steps":[],"attachments":[{"uid":"345fdfa9614c95df","name":"API Response (JSON)","source":"345fdfa9614c95df.json","type":"application/json","size":83}],"parameters":[{"name":"invalid_data","value":"{'shipDate': 'invalid-date'}"},{"name":"expected_status","value":"400"}],"shouldDisplayMessage":true,"attachmentsCount":1,"stepsCount":0,"hasContent":true,"attachmentStep":false}],"attachments":[],"parameters":[],"shouldDisplayMessage":true,"attachmentsCount":1,"stepsCount":1,"hasContent":true,"attachmentStep":false},"afterStages":[{"name":"_xunit_setup_method_fixture_TestStore::0","time":{"start":1772199545305,"stop":1772199545305,"duration":0},"status":"passed","steps":[],"attachments":[],"parameters":[],"shouldDisplayMessage":false,"attachmentsCount":0,"stepsCount":0,"hasContent":false,"attachmentStep":false}],"labels":[{"name":"feature","value":"Store"},{"name":"epic","value":"Petstore"},{"name":"parentSuite","value":"tests"},{"name":"suite","value":"test_store"},{"name":"subSuite","value":"TestStore"},{"name":"host","value":"7d1eb9ca2a2f"},{"name":"thread","value":"1-MainThread"},{"name":"framework","value":"pytest"},{"name":"language","value":"cpython3"},{"name":"package","value":"tests.test_store"},{"name":"resultFormat","value":"allure2"}],"parameters":[{"name":"expected_status","value":"400"},{"name":"invalid_data","value":"{'shipDate': 'invalid-date'}"}],"links":[],"hidden":false,"retry":false,"extra":{"severity":"normal","retries":[],"categories":[],"history":{"statistic":{"failed":0,"broken":0,"skipped":4,"passed":0,"unknown":0,"total":4},"items":[{"uid":"d12f5eca2be23509","status":"skipped","statusDetails":"XFAIL AssertionError: Expected 400, but got 500\n\nAssertionError: Expected 400, but got 500","time":{"start":1772198898201,"stop":1772198898243,"duration":42}},{"uid":"74ab308ce55e2d03","status":"skipped","statusDetails":"XFAIL AssertionError: Expected 400, but got 500\n\nAssertionError: Expected 400, but got 500","time":{"start":1771567354145,"stop":1771567354195,"duration":50}},{"uid":"e9f2677707aa3b9d","status":"skipped","statusDetails":"XFAIL AssertionError: Expected 400, but got 500\n\nAssertionError: Expected 400, but got 500","time":{"start":1771498252287,"stop":1771498252396,"duration":109}}]},"tags":[]},"source":"d797590cb439b6df.json","parameterValues":["400","{'shipDate': 'invalid-date'}"]}