{"uid":"e747c98ebec953b6","name":"Place an order for a pet (negative)","fullName":"tests.test_store.TestStore#test_place_an_order_invalid_data","historyId":"85962a43a8ce19cf2c5d2c897068038f","time":{"start":1771498252052,"stop":1771498252155,"duration":103},"status":"skipped","statusMessage":"XFAIL AssertionError: Expected 400, but got 200\n\nAssertionError: Expected 400, but got 200","statusTrace":"self = <test_store.TestStore object at 0x7fcc58b7eab0>\ninvalid_data = {'quantity': -1}, expected_status = 400\n\n    @allure.title(\"Place an order for a pet (negative)\")\n    @pytest.mark.parametrize(\"invalid_data, expected_status\", [\n        pytest.param({\"id\": \"abc\"}, 400, id=\"string_instead_of_int\", marks=pytest.mark.xfail(\n            reason=\"AssertionError: Expected 400, but got 500\", strict=True)),\n        pytest.param({\"quantity\": -1}, 400, id=\"negative_quantity\", marks=pytest.mark.xfail(\n            reason=\"AssertionError: Expected 400, but got 200\", strict=True)),\n        pytest.param({}, 400, id=\"empty_body\", marks=pytest.mark.xfail(\n            reason=\"AssertionError: Expected 400, but got 200\", strict=True)),\n        pytest.param({\"shipDate\": \"invalid-date\"}, 400, id=\"invalid_date_format\", marks=pytest.mark.xfail(\n            reason=\"AssertionError: Expected 400, but got 500\", strict=True))\n    ])\n    def test_place_an_order_invalid_data(self, invalid_data, expected_status):\n>       self.store_api.place_an_order_invalid_data(invalid_data, expected_status)\n\ntests/test_store.py:31: \n_ _ _ _ _ _ _ _ _ _ _ _ _ _ _ _ _ _ _ _ _ _ _ _ _ _ _ _ _ _ _ _ _ _ _ _ _ _ _ _ \n\nself = <services.store.store_api.StoreApi object at 0x7fcc58b941d0>\ninvalid_data = {'quantity': -1}, expected_status = 400\n\n    @allure.step(\"Place an order for a pet (negative)\")\n    def place_an_order_invalid_data(self, invalid_data, expected_status):\n        response = requests.post(url=self.endpoints.order,\n                                 headers=self.headers.store_header,\n                                 json=invalid_data)\n        print(response.status_code)\n        self.attach_response(response)\n>       assert response.status_code == expected_status, f\"Expected {expected_status}, but got {response.status_code}\"\nE       AssertionError: Expected 400, but got 200\n\nservices/store/store_api.py:45: AssertionError","flaky":false,"newFailed":false,"newBroken":false,"newPassed":false,"retriesCount":0,"retriesStatusChange":false,"beforeStages":[{"name":"_session_faker","time":{"start":1771498248625,"stop":1771498248626,"duration":1},"status":"passed","steps":[],"attachments":[],"parameters":[],"shouldDisplayMessage":false,"attachmentsCount":0,"stepsCount":0,"hasContent":false,"attachmentStep":false},{"name":"_xunit_setup_method_fixture_TestStore","time":{"start":1771498252051,"stop":1771498252051,"duration":0},"status":"passed","steps":[],"attachments":[],"parameters":[],"shouldDisplayMessage":false,"attachmentsCount":0,"stepsCount":0,"hasContent":false,"attachmentStep":false}],"testStage":{"status":"skipped","statusMessage":"XFAIL AssertionError: Expected 400, but got 200\n\nAssertionError: Expected 400, but got 200","statusTrace":"self = <test_store.TestStore object at 0x7fcc58b7eab0>\ninvalid_data = {'quantity': -1}, expected_status = 400\n\n    @allure.title(\"Place an order for a pet (negative)\")\n    @pytest.mark.parametrize(\"invalid_data, expected_status\", [\n        pytest.param({\"id\": \"abc\"}, 400, id=\"string_instead_of_int\", marks=pytest.mark.xfail(\n            reason=\"AssertionError: Expected 400, but got 500\", strict=True)),\n        pytest.param({\"quantity\": -1}, 400, id=\"negative_quantity\", marks=pytest.mark.xfail(\n            reason=\"AssertionError: Expected 400, but got 200\", strict=True)),\n        pytest.param({}, 400, id=\"empty_body\", marks=pytest.mark.xfail(\n            reason=\"AssertionError: Expected 400, but got 200\", strict=True)),\n        pytest.param({\"shipDate\": \"invalid-date\"}, 400, id=\"invalid_date_format\", marks=pytest.mark.xfail(\n            reason=\"AssertionError: Expected 400, but got 500\", strict=True))\n    ])\n    def test_place_an_order_invalid_data(self, invalid_data, expected_status):\n>       self.store_api.place_an_order_invalid_data(invalid_data, expected_status)\n\ntests/test_store.py:31: \n_ _ _ _ _ _ _ _ _ _ _ _ _ _ _ _ _ _ _ _ _ _ _ _ _ _ _ _ _ _ _ _ _ _ _ _ _ _ _ _ \n\nself = <services.store.store_api.StoreApi object at 0x7fcc58b941d0>\ninvalid_data = {'quantity': -1}, expected_status = 400\n\n    @allure.step(\"Place an order for a pet (negative)\")\n    def place_an_order_invalid_data(self, invalid_data, expected_status):\n        response = requests.post(url=self.endpoints.order,\n                                 headers=self.headers.store_header,\n                                 json=invalid_data)\n        print(response.status_code)\n        self.attach_response(response)\n>       assert response.status_code == expected_status, f\"Expected {expected_status}, but got {response.status_code}\"\nE       AssertionError: Expected 400, but got 200\n\nservices/store/store_api.py:45: AssertionError","steps":[{"name":"Place an order for a pet (negative)","time":{"start":1771498252052,"stop":1771498252155,"duration":103},"status":"failed","statusMessage":"AssertionError: Expected 400, but got 200\n","statusTrace":"  File \"/usr/local/lib/python3.12/site-packages/allure_commons/_allure.py\", line 202, in impl\n    return func(*a, **kw)\n           ^^^^^^^^^^^^^^\n  File \"/usr/workspace/services/store/store_api.py\", line 45, in place_an_order_invalid_data\n    assert response.status_code == expected_status, f\"Expected {expected_status}, but got {response.status_code}\"\n","steps":[],"attachments":[{"uid":"6987a16151874eb9","name":"API Response (JSON)","source":"6987a16151874eb9.json","type":"application/json","size":92}],"parameters":[{"name":"invalid_data","value":"{'quantity': -1}"},{"name":"expected_status","value":"400"}],"shouldDisplayMessage":true,"attachmentsCount":1,"stepsCount":0,"hasContent":true,"attachmentStep":false}],"attachments":[],"parameters":[],"shouldDisplayMessage":true,"attachmentsCount":1,"stepsCount":1,"hasContent":true,"attachmentStep":false},"afterStages":[{"name":"_xunit_setup_method_fixture_TestStore::0","time":{"start":1771498252160,"stop":1771498252160,"duration":0},"status":"passed","steps":[],"attachments":[],"parameters":[],"shouldDisplayMessage":false,"attachmentsCount":0,"stepsCount":0,"hasContent":false,"attachmentStep":false}],"labels":[{"name":"feature","value":"Store"},{"name":"epic","value":"Petstore"},{"name":"parentSuite","value":"tests"},{"name":"suite","value":"test_store"},{"name":"subSuite","value":"TestStore"},{"name":"host","value":"8b212d31bb3b"},{"name":"thread","value":"1-MainThread"},{"name":"framework","value":"pytest"},{"name":"language","value":"cpython3"},{"name":"package","value":"tests.test_store"},{"name":"resultFormat","value":"allure2"}],"parameters":[{"name":"expected_status","value":"400"},{"name":"invalid_data","value":"{'quantity': -1}"}],"links":[],"hidden":false,"retry":false,"extra":{"severity":"normal","retries":[],"categories":[],"tags":[]},"source":"e747c98ebec953b6.json","parameterValues":["400","{'quantity': -1}"]}