{"uid":"febfec2e1966f198","name":"Updated user (negative)","fullName":"tests.test_user.TestUser#test_updated_user_negative","historyId":"d350604e85a4f884bdd35aaf7d1d986b","time":{"start":1772198898690,"stop":1772198898725,"duration":35},"status":"skipped","statusMessage":"XFAIL AssertionError: Expected 400, but got 500\n\nAssertionError: Expected 400, but got 500","statusTrace":"self = <test_user.TestUser object at 0x7f33e37e93a0>, username = 'valid_user'\npayload = {'id': 'invalid_type'}, expected_status = 400\n\n    @allure.title(\"Updated user (negative)\")\n    @pytest.mark.parametrize(\"username, payload, expected_status\", [\n            pytest.param(\"non_existent_user\", {\"id\": 1, \"username\": \"new\"}, 404, marks=pytest.mark.xfail(\n            reason=\"AssertionError: Expected 404, but got 200\", strict=True)),  # Несуществующий пользователь\n            pytest.param(\"valid_user\", {\"id\": \"invalid_type\"}, 400, marks=pytest.mark.xfail(\n            reason=\"AssertionError: Expected 400, but got 500\", strict=True)),  # Неправильный тип id,\n            pytest.param(\"invalid_id\", {\"id\": -1}, 400, marks=pytest.mark.xfail(\n            reason=\"AssertionError: Expected 400, but got 200\", strict=True)),  # Отрицательный id\n            pytest.param(\"invalid_json\", {}, 400, marks=pytest.mark.xfail(\n            reason=\"AssertionError: Expected 400, but got 200\", strict=True)),  # Пустой json\n            pytest.param(\"invalid_json\", {\"email\": \"qwerty123.com\"}, 400, marks=pytest.mark.xfail(\n            reason=\"AssertionError: Expected 400, but got 200\", strict=True))  # Неправильный email\n    ])\n    def test_updated_user_negative(self, username, payload, expected_status):\n>       self.user_api.updated_user_negative(username, payload, expected_status)\n\ntests/test_user.py:43: \n_ _ _ _ _ _ _ _ _ _ _ _ _ _ _ _ _ _ _ _ _ _ _ _ _ _ _ _ _ _ _ _ _ _ _ _ _ _ _ _ \n\nself = <services.user.user_api.UserApi object at 0x7f33e37fdeb0>\nusername = 'valid_user', payload = {'id': 'invalid_type'}, expected_status = 400\n\n    @allure.step(\"Updated user (negative)\")\n    def updated_user_negative(self, username, payload, expected_status):\n        response = requests.put(url=self.endpoints.updated_user(username),\n                                 headers=self.headers.basic,\n                                 json=payload)\n        print(response.status_code)\n        self.attach_response(response)\n>       assert response.status_code == expected_status, f\"Expected {expected_status}, but got {response.status_code}\"\nE       AssertionError: Expected 400, but got 500\n\nservices/user/user_api.py:72: AssertionError","flaky":false,"newFailed":false,"newBroken":false,"newPassed":false,"retriesCount":0,"retriesStatusChange":false,"beforeStages":[{"name":"_session_faker","time":{"start":1772198896468,"stop":1772198896469,"duration":1},"status":"passed","steps":[],"attachments":[],"parameters":[],"shouldDisplayMessage":false,"stepsCount":0,"hasContent":false,"attachmentStep":false,"attachmentsCount":0},{"name":"_xunit_setup_method_fixture_TestUser","time":{"start":1772198898689,"stop":1772198898689,"duration":0},"status":"passed","steps":[],"attachments":[],"parameters":[],"shouldDisplayMessage":false,"stepsCount":0,"hasContent":false,"attachmentStep":false,"attachmentsCount":0}],"testStage":{"status":"skipped","statusMessage":"XFAIL AssertionError: Expected 400, but got 500\n\nAssertionError: Expected 400, but got 500","statusTrace":"self = <test_user.TestUser object at 0x7f33e37e93a0>, username = 'valid_user'\npayload = {'id': 'invalid_type'}, expected_status = 400\n\n    @allure.title(\"Updated user (negative)\")\n    @pytest.mark.parametrize(\"username, payload, expected_status\", [\n            pytest.param(\"non_existent_user\", {\"id\": 1, \"username\": \"new\"}, 404, marks=pytest.mark.xfail(\n            reason=\"AssertionError: Expected 404, but got 200\", strict=True)),  # Несуществующий пользователь\n            pytest.param(\"valid_user\", {\"id\": \"invalid_type\"}, 400, marks=pytest.mark.xfail(\n            reason=\"AssertionError: Expected 400, but got 500\", strict=True)),  # Неправильный тип id,\n            pytest.param(\"invalid_id\", {\"id\": -1}, 400, marks=pytest.mark.xfail(\n            reason=\"AssertionError: Expected 400, but got 200\", strict=True)),  # Отрицательный id\n            pytest.param(\"invalid_json\", {}, 400, marks=pytest.mark.xfail(\n            reason=\"AssertionError: Expected 400, but got 200\", strict=True)),  # Пустой json\n            pytest.param(\"invalid_json\", {\"email\": \"qwerty123.com\"}, 400, marks=pytest.mark.xfail(\n            reason=\"AssertionError: Expected 400, but got 200\", strict=True))  # Неправильный email\n    ])\n    def test_updated_user_negative(self, username, payload, expected_status):\n>       self.user_api.updated_user_negative(username, payload, expected_status)\n\ntests/test_user.py:43: \n_ _ _ _ _ _ _ _ _ _ _ _ _ _ _ _ _ _ _ _ _ _ _ _ _ _ _ _ _ _ _ _ _ _ _ _ _ _ _ _ \n\nself = <services.user.user_api.UserApi object at 0x7f33e37fdeb0>\nusername = 'valid_user', payload = {'id': 'invalid_type'}, expected_status = 400\n\n    @allure.step(\"Updated user (negative)\")\n    def updated_user_negative(self, username, payload, expected_status):\n        response = requests.put(url=self.endpoints.updated_user(username),\n                                 headers=self.headers.basic,\n                                 json=payload)\n        print(response.status_code)\n        self.attach_response(response)\n>       assert response.status_code == expected_status, f\"Expected {expected_status}, but got {response.status_code}\"\nE       AssertionError: Expected 400, but got 500\n\nservices/user/user_api.py:72: AssertionError","steps":[{"name":"Updated user (negative)","time":{"start":1772198898690,"stop":1772198898725,"duration":35},"status":"failed","statusMessage":"AssertionError: Expected 400, but got 500\n","statusTrace":"  File \"/usr/local/lib/python3.12/site-packages/allure_commons/_allure.py\", line 202, in impl\n    return func(*a, **kw)\n           ^^^^^^^^^^^^^^\n  File \"/usr/workspace/services/user/user_api.py\", line 72, in updated_user_negative\n    assert response.status_code == expected_status, f\"Expected {expected_status}, but got {response.status_code}\"\n","steps":[],"attachments":[{"uid":"266f464ecfd36de0","name":"API Response (JSON)","source":"266f464ecfd36de0.json","type":"application/json","size":83}],"parameters":[{"name":"username","value":"'valid_user'"},{"name":"payload","value":"{'id': 'invalid_type'}"},{"name":"expected_status","value":"400"}],"shouldDisplayMessage":true,"stepsCount":0,"hasContent":true,"attachmentStep":false,"attachmentsCount":1}],"attachments":[],"parameters":[],"shouldDisplayMessage":true,"stepsCount":1,"hasContent":true,"attachmentStep":false,"attachmentsCount":1},"afterStages":[{"name":"_xunit_setup_method_fixture_TestUser::0","time":{"start":1772198898732,"stop":1772198898732,"duration":0},"status":"passed","steps":[],"attachments":[],"parameters":[],"shouldDisplayMessage":false,"stepsCount":0,"hasContent":false,"attachmentStep":false,"attachmentsCount":0}],"labels":[{"name":"feature","value":"User"},{"name":"epic","value":"Petstore"},{"name":"parentSuite","value":"tests"},{"name":"suite","value":"test_user"},{"name":"subSuite","value":"TestUser"},{"name":"host","value":"e8b53e029567"},{"name":"thread","value":"1-MainThread"},{"name":"framework","value":"pytest"},{"name":"language","value":"cpython3"},{"name":"package","value":"tests.test_user"},{"name":"resultFormat","value":"allure2"}],"parameters":[{"name":"expected_status","value":"400"},{"name":"payload","value":"{'id': 'invalid_type'}"},{"name":"username","value":"'valid_user'"}],"links":[],"hidden":false,"retry":false,"extra":{"severity":"normal","retries":[],"categories":[],"tags":[]},"source":"febfec2e1966f198.json","parameterValues":["400","{'id': 'invalid_type'}","'valid_user'"]}